2026-03-25 01:29:15,573 INFO execution_engine skipped invalid trade bd45846d-74df-5358-a23b-437fa02cd28e reason=INVALID_SIDE
2026-03-25 01:29:15,784 INFO execution_engine skipped invalid trade 781b5df1-8de4-598a-b1d4-646fe62f75b2 reason=INVALID_SIDE
2026-03-25 01:29:43,699 INFO execution_engine skipped invalid trade bd45846d-74df-5358-a23b-437fa02cd28e reason=INVALID_SIDE
2026-03-25 01:29:43,910 INFO execution_engine skipped invalid trade 781b5df1-8de4-598a-b1d4-646fe62f75b2 reason=INVALID_SIDE
2026-03-25 01:42:06,320 INFO execution_engine skipped invalid trade bd45846d-74df-5358-a23b-437fa02cd28e reason=INVALID_SIDE
2026-03-25 01:42:06,567 INFO execution_engine skipped invalid trade 781b5df1-8de4-598a-b1d4-646fe62f75b2 reason=INVALID_SIDE
2026-03-25 01:49:11,683 INFO execution_engine skipped invalid trade bd45846d-74df-5358-a23b-437fa02cd28e reason=INVALID_SIDE
2026-03-25 01:49:12,066 INFO execution_engine skipped invalid trade 781b5df1-8de4-598a-b1d4-646fe62f75b2 reason=INVALID_SIDE
2026-03-25 01:54:07,739 INFO execution_engine skipped invalid trade bd45846d-74df-5358-a23b-437fa02cd28e reason=INVALID_SIDE
2026-03-25 01:54:07,988 INFO execution_engine skipped invalid trade 781b5df1-8de4-598a-b1d4-646fe62f75b2 reason=INVALID_SIDE
2026-03-25 03:09:10,616 INFO execution_engine skipped invalid trade bd45846d-74df-5358-a23b-437fa02cd28e reason=INVALID_SIDE
2026-03-25 03:09:10,773 INFO execution_engine skipped invalid trade 781b5df1-8de4-598a-b1d4-646fe62f75b2 reason=INVALID_SIDE
2026-03-25 03:26:54,615 INFO execution_engine skipped invalid trade bd45846d-74df-5358-a23b-437fa02cd28e reason=INVALID_SIDE
2026-03-25 03:26:54,881 INFO execution_engine skipped invalid trade 781b5df1-8de4-598a-b1d4-646fe62f75b2 reason=INVALID_SIDE
2026-03-25 04:05:58,081 INFO execution_engine skipped invalid trade 679a8cdc-1450-5389-ac5a-d135259cdf54 reason=INVALID_SIDE
2026-03-25 04:05:58,380 INFO execution_engine skipped invalid trade 9b9cc866-2ed4-593b-948f-3595a1cf2af1 reason=INVALID_SIDE
2026-03-25 04:08:02,958 INFO execution_engine skipped invalid trade 679a8cdc-1450-5389-ac5a-d135259cdf54 reason=INVALID_SIDE
2026-03-25 04:08:03,140 INFO execution_engine skipped invalid trade 9b9cc866-2ed4-593b-948f-3595a1cf2af1 reason=INVALID_SIDE
2026-03-25 10:26:24,093 INFO execution_engine skipped invalid trade 679a8cdc-1450-5389-ac5a-d135259cdf54 reason=INVALID_SIDE
2026-03-25 10:26:24,285 INFO execution_engine skipped invalid trade 9b9cc866-2ed4-593b-948f-3595a1cf2af1 reason=INVALID_SIDE
2026-03-25 10:30:38,492 INFO execution_engine skipped invalid trade 679a8cdc-1450-5389-ac5a-d135259cdf54 reason=INVALID_SIDE
2026-03-25 10:30:38,752 INFO execution_engine skipped invalid trade 9b9cc866-2ed4-593b-948f-3595a1cf2af1 reason=INVALID_SIDE
2026-03-25 10:37:47,368 INFO execution_engine skipped invalid trade 679a8cdc-1450-5389-ac5a-d135259cdf54 reason=INVALID_SIDE
2026-03-25 10:37:47,620 INFO execution_engine skipped invalid trade 9b9cc866-2ed4-593b-948f-3595a1cf2af1 reason=INVALID_SIDE
2026-03-25 11:58:24,378 INFO execution_engine skipped invalid trade 679a8cdc-1450-5389-ac5a-d135259cdf54 reason=INVALID_SIDE
2026-03-25 11:58:24,505 INFO execution_engine skipped invalid trade 9b9cc866-2ed4-593b-948f-3595a1cf2af1 reason=INVALID_SIDE
2026-03-25 12:05:10,628 INFO execution_engine skipped invalid trade 679a8cdc-1450-5389-ac5a-d135259cdf54 reason=INVALID_SIDE
2026-03-25 12:05:11,167 INFO execution_engine skipped invalid trade 9b9cc866-2ed4-593b-948f-3595a1cf2af1 reason=INVALID_SIDE
2026-03-25 12:15:57,160 INFO execution_engine skipped invalid trade 679a8cdc-1450-5389-ac5a-d135259cdf54 reason=INVALID_SIDE
2026-03-25 12:15:57,486 INFO execution_engine skipped invalid trade 9b9cc866-2ed4-593b-948f-3595a1cf2af1 reason=INVALID_SIDE
2026-03-25 13:40:52,831 INFO execution_engine skipped invalid trade 679a8cdc-1450-5389-ac5a-d135259cdf54 reason=INVALID_SIDE
2026-03-25 13:40:53,194 INFO execution_engine skipped invalid trade 9b9cc866-2ed4-593b-948f-3595a1cf2af1 reason=INVALID_SIDE
2026-03-25 13:42:29,410 INFO execution_engine skipped invalid trade 679a8cdc-1450-5389-ac5a-d135259cdf54 reason=INVALID_SIDE
2026-03-25 13:42:29,560 INFO execution_engine skipped invalid trade 9b9cc866-2ed4-593b-948f-3595a1cf2af1 reason=INVALID_SIDE
2026-03-25 13:48:30,040 INFO execution_engine skipped invalid trade 679a8cdc-1450-5389-ac5a-d135259cdf54 reason=INVALID_SIDE
2026-03-25 13:48:30,371 INFO execution_engine skipped invalid trade 9b9cc866-2ed4-593b-948f-3595a1cf2af1 reason=INVALID_SIDE
2026-03-25 21:46:24,800 INFO execution_engine skipped invalid trade 679a8cdc-1450-5389-ac5a-d135259cdf54 reason=INVALID_SIDE
2026-03-25 21:46:25,567 INFO execution_engine skipped invalid trade 9b9cc866-2ed4-593b-948f-3595a1cf2af1 reason=INVALID_SIDE
2026-03-26 15:08:34,115 INFO execution_engine skipped invalid trade 679a8cdc-1450-5389-ac5a-d135259cdf54 reason=INVALID_SIDE
2026-03-26 15:08:34,613 INFO execution_engine skipped invalid trade 9b9cc866-2ed4-593b-948f-3595a1cf2af1 reason=INVALID_SIDE
2026-03-26 15:41:12,546 INFO execution_engine skipped invalid trade 679a8cdc-1450-5389-ac5a-d135259cdf54 reason=INVALID_SIDE
2026-03-26 15:41:12,703 INFO execution_engine skipped invalid trade 9b9cc866-2ed4-593b-948f-3595a1cf2af1 reason=INVALID_SIDE
2026-03-26 15:42:29,225 INFO execution_engine skipped invalid trade 679a8cdc-1450-5389-ac5a-d135259cdf54 reason=INVALID_SIDE
2026-03-26 15:42:29,401 INFO execution_engine skipped invalid trade 9b9cc866-2ed4-593b-948f-3595a1cf2af1 reason=INVALID_SIDE
2026-03-26 15:42:52,893 INFO execution_engine skipped invalid trade 679a8cdc-1450-5389-ac5a-d135259cdf54 reason=INVALID_SIDE
2026-03-26 15:42:53,009 INFO execution_engine skipped invalid trade 9b9cc866-2ed4-593b-948f-3595a1cf2af1 reason=INVALID_SIDE
2026-03-26 16:24:11,072 INFO execution_engine skipped invalid trade 679a8cdc-1450-5389-ac5a-d135259cdf54 reason=INVALID_SIDE
2026-03-26 16:24:11,462 INFO execution_engine skipped invalid trade 9b9cc866-2ed4-593b-948f-3595a1cf2af1 reason=INVALID_SIDE
2026-03-26 16:26:06,074 INFO execution_engine skipped invalid trade 679a8cdc-1450-5389-ac5a-d135259cdf54 reason=INVALID_SIDE
2026-03-26 16:26:06,297 INFO execution_engine skipped invalid trade 9b9cc866-2ed4-593b-948f-3595a1cf2af1 reason=INVALID_SIDE
2026-03-26 16:30:51,138 INFO execution_engine skipped invalid trade 679a8cdc-1450-5389-ac5a-d135259cdf54 reason=INVALID_SIDE
2026-03-26 16:30:51,289 INFO execution_engine skipped invalid trade 9b9cc866-2ed4-593b-948f-3595a1cf2af1 reason=INVALID_SIDE
2026-03-26 19:45:45,156 INFO execution_engine skipped invalid trade 679a8cdc-1450-5389-ac5a-d135259cdf54 reason=INVALID_SIDE
2026-03-26 19:45:52,723 INFO execution_engine skipped invalid trade 9b9cc866-2ed4-593b-948f-3595a1cf2af1 reason=INVALID_SIDE
2026-03-26 19:47:50,974 INFO execution_engine skipped invalid trade 679a8cdc-1450-5389-ac5a-d135259cdf54 reason=INVALID_SIDE
2026-03-26 19:47:57,609 INFO execution_engine skipped invalid trade 9b9cc866-2ed4-593b-948f-3595a1cf2af1 reason=INVALID_SIDE
2026-03-26 20:08:13,918 INFO execution_engine skipped invalid trade 679a8cdc-1450-5389-ac5a-d135259cdf54 reason=INVALID_SIDE
2026-03-26 20:08:19,796 INFO execution_engine skipped invalid trade 9b9cc866-2ed4-593b-948f-3595a1cf2af1 reason=INVALID_SIDE
2026-03-26 21:35:37,605 INFO execution_engine skipped invalid trade 679a8cdc-1450-5389-ac5a-d135259cdf54 reason=INVALID_SIDE
2026-03-26 21:35:42,827 INFO execution_engine skipped invalid trade 9b9cc866-2ed4-593b-948f-3595a1cf2af1 reason=INVALID_SIDE
2026-03-26 21:36:06,519 INFO execution_engine skipped invalid trade 679a8cdc-1450-5389-ac5a-d135259cdf54 reason=INVALID_SIDE
2026-03-26 21:36:12,462 INFO execution_engine skipped invalid trade 9b9cc866-2ed4-593b-948f-3595a1cf2af1 reason=INVALID_SIDE
2026-03-27 00:39:00,761 INFO execution_engine skipped invalid trade 679a8cdc-1450-5389-ac5a-d135259cdf54 reason=INVALID_SIDE
2026-03-27 00:39:16,957 INFO execution_engine skipped invalid trade 9b9cc866-2ed4-593b-948f-3595a1cf2af1 reason=INVALID_SIDE
2026-03-27 00:51:46,755 INFO execution_engine skipped invalid trade 679a8cdc-1450-5389-ac5a-d135259cdf54 reason=INVALID_SIDE
2026-03-27 00:52:19,724 INFO execution_engine skipped invalid trade 9b9cc866-2ed4-593b-948f-3595a1cf2af1 reason=INVALID_SIDE
2026-03-27 01:00:50,199 INFO backtest_engine strategy execution failed: single positional indexer is out-of-bounds
2026-03-27 12:48:57,579 INFO execution_engine skipped invalid trade 679a8cdc-1450-5389-ac5a-d135259cdf54 reason=INVALID_SIDE
2026-03-27 12:49:02,968 INFO execution_engine skipped invalid trade 9b9cc866-2ed4-593b-948f-3595a1cf2af1 reason=INVALID_SIDE
2026-03-27 13:13:00,925 INFO execution_engine skipped invalid trade 679a8cdc-1450-5389-ac5a-d135259cdf54 reason=INVALID_SIDE
2026-03-27 13:38:34,970 INFO execution_engine skipped invalid trade 679a8cdc-1450-5389-ac5a-d135259cdf54 reason=INVALID_SIDE
2026-03-27 13:40:06,040 INFO execution_engine skipped invalid trade 679a8cdc-1450-5389-ac5a-d135259cdf54 reason=INVALID_SIDE
2026-03-27 13:40:12,972 INFO execution_engine skipped invalid trade 9b9cc866-2ed4-593b-948f-3595a1cf2af1 reason=INVALID_SIDE
2026-03-27 14:03:29,521 INFO runtime_error[run_operator_action] ValueError: bad candle payload
2026-03-27 14:16:48,062 INFO execution_engine skipped invalid trade 679a8cdc-1450-5389-ac5a-d135259cdf54 reason=INVALID_SIDE
2026-03-27 14:16:54,112 INFO execution_engine skipped invalid trade 9b9cc866-2ed4-593b-948f-3595a1cf2af1 reason=INVALID_SIDE
2026-03-27 14:17:02,419 INFO execution_engine skipped invalid trade a15fae86-ff29-5510-8931-7674d8706d5e reason=MISSING_QUANTITY
2026-03-27 14:32:23,722 INFO execution_engine skipped invalid trade 679a8cdc-1450-5389-ac5a-d135259cdf54 reason=INVALID_SIDE
2026-03-27 14:32:32,436 INFO execution_engine skipped invalid trade 9b9cc866-2ed4-593b-948f-3595a1cf2af1 reason=INVALID_SIDE
2026-03-27 14:32:40,137 INFO execution_engine skipped invalid trade a15fae86-ff29-5510-8931-7674d8706d5e reason=MISSING_QUANTITY
2026-03-27 14:32:46,891 INFO runtime_error[run_operator_action] ValueError: bad candle payload
2026-03-27 15:11:56,814 INFO execution_engine skipped invalid trade 679a8cdc-1450-5389-ac5a-d135259cdf54 reason=INVALID_SIDE
2026-03-27 15:12:14,082 INFO execution_engine skipped invalid trade 9b9cc866-2ed4-593b-948f-3595a1cf2af1 reason=INVALID_SIDE
2026-03-27 15:12:35,061 INFO execution_engine skipped invalid trade a15fae86-ff29-5510-8931-7674d8706d5e reason=MISSING_QUANTITY
2026-03-27 15:12:44,897 INFO runtime_error[run_operator_action] ValueError: bad candle payload
2026-03-27 15:20:50,251 INFO execution_engine skipped invalid trade 679a8cdc-1450-5389-ac5a-d135259cdf54 reason=INVALID_SIDE
2026-03-27 15:21:01,307 INFO execution_engine skipped invalid trade 9b9cc866-2ed4-593b-948f-3595a1cf2af1 reason=INVALID_SIDE
2026-03-27 15:21:12,096 INFO execution_engine skipped invalid trade a15fae86-ff29-5510-8931-7674d8706d5e reason=MISSING_QUANTITY
2026-03-27 15:21:25,602 INFO runtime_error[run_operator_action] ValueError: bad candle payload
2026-03-27 15:23:49,927 INFO runtime_error[run_operator_action] ValueError: bad candle payload
2026-03-27 15:24:48,164 INFO runtime_error[run_operator_action] ValueError: bad candle payload
2026-03-27 15:26:59,580 INFO execution_engine skipped invalid trade 679a8cdc-1450-5389-ac5a-d135259cdf54 reason=INVALID_SIDE
2026-03-27 15:27:05,996 INFO execution_engine skipped invalid trade 9b9cc866-2ed4-593b-948f-3595a1cf2af1 reason=INVALID_SIDE
2026-03-27 15:27:12,076 INFO execution_engine skipped invalid trade a15fae86-ff29-5510-8931-7674d8706d5e reason=MISSING_QUANTITY
2026-03-27 15:27:17,907 INFO runtime_error[run_operator_action] ValueError: bad candle payload
2026-03-27 15:31:08,892 INFO runtime_error[run_operator_action] ValueError: bad candle payload
2026-03-27 15:42:17,361 INFO runtime_error[run_operator_action] ValueError: bad candle payload
2026-03-27 20:30:44,796 INFO runtime_error[run_operator_action] ValueError: bad candle payload
2026-03-27 20:30:44,827 INFO runtime_error[run_operator_action] ValueError: bad candle payload
2026-03-27 20:35:04,530 INFO runtime_error[run_operator_action] ValueError: bad candle payload
2026-03-27 20:35:04,580 INFO runtime_error[run_operator_action] ValueError: bad candle payload
2026-03-27 22:34:12,759 INFO runtime_error[run_operator_action] ValueError: bad candle payload
2026-03-27 22:34:12,797 INFO runtime_error[run_operator_action] ValueError: bad candle payload
2026-03-27 22:44:34,776 INFO runtime_error[run_operator_action] ValueError: bad candle payload
2026-03-27 22:44:34,831 INFO runtime_error[run_operator_action] ValueError: bad candle payload
2026-03-27 22:48:47,789 INFO runtime_error[run_operator_action] ValueError: bad candle payload
2026-03-27 22:48:47,844 INFO runtime_error[run_operator_action] ValueError: bad candle payload
2026-03-27 22:48:54,552 INFO execution_engine skipped invalid trade 679a8cdc-1450-5389-ac5a-d135259cdf54 reason=INVALID_SIDE
2026-03-27 22:49:01,322 INFO execution_engine skipped invalid trade 9b9cc866-2ed4-593b-948f-3595a1cf2af1 reason=INVALID_SIDE
2026-03-27 22:49:07,005 INFO execution_engine skipped invalid trade a15fae86-ff29-5510-8931-7674d8706d5e reason=MISSING_QUANTITY
2026-03-27 23:14:11,952 INFO execution_engine skipped invalid trade 679a8cdc-1450-5389-ac5a-d135259cdf54 reason=INVALID_SIDE
2026-03-27 23:14:19,239 INFO execution_engine skipped invalid trade 9b9cc866-2ed4-593b-948f-3595a1cf2af1 reason=INVALID_SIDE
2026-03-27 23:14:27,466 INFO execution_engine skipped invalid trade a15fae86-ff29-5510-8931-7674d8706d5e reason=MISSING_QUANTITY
2026-03-27 23:17:30,859 INFO execution_engine skipped invalid trade 679a8cdc-1450-5389-ac5a-d135259cdf54 reason=INVALID_SIDE
2026-03-27 23:17:38,782 INFO execution_engine skipped invalid trade 9b9cc866-2ed4-593b-948f-3595a1cf2af1 reason=INVALID_SIDE
2026-03-27 23:17:44,427 INFO execution_engine skipped invalid trade a15fae86-ff29-5510-8931-7674d8706d5e reason=MISSING_QUANTITY
2026-03-27 23:18:31,742 INFO runtime_error[run_operator_action] ValueError: bad candle payload
2026-03-27 23:18:31,772 INFO runtime_error[run_operator_action] ValueError: bad candle payload
2026-03-27 23:28:14,619 INFO runtime_error[run_operator_action] ValueError: bad candle payload
2026-03-27 23:28:14,674 INFO runtime_error[run_operator_action] ValueError: bad candle payload
2026-03-27 23:44:06,058 INFO execution_engine skipped invalid trade 679a8cdc-1450-5389-ac5a-d135259cdf54 reason=INVALID_SIDE
2026-03-27 23:44:12,892 INFO execution_engine skipped invalid trade 9b9cc866-2ed4-593b-948f-3595a1cf2af1 reason=INVALID_SIDE
2026-03-27 23:44:18,987 INFO execution_engine skipped invalid trade a15fae86-ff29-5510-8931-7674d8706d5e reason=MISSING_QUANTITY
2026-03-27 23:45:08,648 INFO execution_engine skipped invalid trade 679a8cdc-1450-5389-ac5a-d135259cdf54 reason=INVALID_SIDE
2026-03-27 23:45:20,437 INFO execution_engine skipped invalid trade 9b9cc866-2ed4-593b-948f-3595a1cf2af1 reason=INVALID_SIDE
2026-03-27 23:45:28,454 INFO execution_engine skipped invalid trade a15fae86-ff29-5510-8931-7674d8706d5e reason=MISSING_QUANTITY
2026-03-27 23:50:52,194 INFO runtime_error[run_operator_action] ValueError: bad candle payload
2026-03-27 23:50:52,213 INFO runtime_error[run_operator_action] ValueError: bad candle payload
2026-03-27 23:51:22,924 INFO runtime_error[run_operator_action] ValueError: bad candle payload
2026-03-27 23:51:22,946 INFO runtime_error[run_operator_action] ValueError: bad candle payload
2026-03-27 23:54:25,664 INFO runtime_error[run_operator_action] ValueError: bad candle payload
2026-03-27 23:54:25,701 INFO runtime_error[run_operator_action] ValueError: bad candle payload
2026-03-28 00:00:43,338 INFO runtime_error[run_operator_action] ValueError: bad candle payload
2026-03-28 00:00:43,367 INFO runtime_error[run_operator_action] ValueError: bad candle payload
2026-03-28 00:01:55,888 INFO runtime_error[run_operator_action] ValueError: bad candle payload
2026-03-28 00:01:55,914 INFO runtime_error[run_operator_action] ValueError: bad candle payload
2026-03-28 00:03:07,156 INFO runtime_error[run_operator_action] ValueError: bad candle payload
2026-03-28 00:03:07,217 INFO runtime_error[run_operator_action] ValueError: bad candle payload
2026-03-28 02:37:01,088 INFO Trading UI failure: list index out of range
2026-03-28 02:37:01,826 INFO Trading UI failure: list index out of range
2026-03-28 02:37:01,874 INFO Trading UI failure: list index out of range
{"broker": "PAPER", "error_message": "name '_apply_broker_result' is not defined", "error_type": "NameError", "event": "broker_execution_error", "execution_type": "PAPER", "logged_at_utc": "2026-03-28 11:35:05", "strategy": "BREAKOUT", "symbol": "NIFTY", "trade_id": "1ee87439-14b5-5c30-928f-3846de5abc4d"}
{"broker": "PAPER", "error_message": "name '_apply_broker_result' is not defined", "error_type": "NameError", "event": "broker_execution_error", "execution_type": "PAPER", "logged_at_utc": "2026-03-28 11:35:06", "strategy": "COMPATIBILITY_TEST", "symbol": "NIFTY", "trade_id": "165abe98-c11d-5da0-90e6-c29f04fa3965"}
{"broker": "PAPER", "error_message": "name '_apply_broker_result' is not defined", "error_type": "NameError", "event": "broker_execution_error", "execution_type": "PAPER", "logged_at_utc": "2026-03-28 11:35:06", "strategy": "COMPATIBILITY_TEST", "symbol": "NIFTY", "trade_id": "5e95f637-f0de-5f14-b85b-fa6b80d4222e"}
{"broker": "PAPER", "error_message": "name '_apply_broker_result' is not defined", "error_type": "NameError", "event": "broker_execution_error", "execution_type": "PAPER", "logged_at_utc": "2026-03-28 11:35:06", "strategy": "COMPATIBILITY_TEST", "symbol": "NIFTY", "trade_id": "26b776fb-c055-5f6a-988b-046a9e391bd7"}
2026-03-28 17:24:09,161 INFO execution_engine skipped invalid trade 776ac56f-74c1-53b0-8f6a-6470755df94c reason=INVALID_SIDE
2026-03-28 17:25:12,839 INFO execution_engine skipped invalid trade 776ac56f-74c1-53b0-8f6a-6470755df94c reason=INVALID_SIDE
2026-03-28 17:29:37,182 INFO execution_engine skipped invalid trade 776ac56f-74c1-53b0-8f6a-6470755df94c reason=INVALID_SIDE
2026-03-28 17:30:41,558 INFO execution_engine skipped invalid trade 776ac56f-74c1-53b0-8f6a-6470755df94c reason=INVALID_SIDE
2026-03-28 17:37:01,296 INFO execution_engine skipped invalid trade 776ac56f-74c1-53b0-8f6a-6470755df94c reason=INVALID_SIDE
2026-03-28 17:39:56,249 INFO execution_engine skipped invalid trade 776ac56f-74c1-53b0-8f6a-6470755df94c reason=INVALID_SIDE
2026-03-28 17:41:05,900 INFO execution_engine skipped invalid trade 776ac56f-74c1-53b0-8f6a-6470755df94c reason=INVALID_SIDE
2026-03-28 17:41:08,249 INFO runtime_error[run_operator_action] ValueError: bad candle payload
2026-03-28 17:41:08,261 INFO runtime_error[run_operator_action] ValueError: bad candle payload
2026-03-28 17:45:51,782 INFO execution_engine skipped invalid trade 679a8cdc-1450-5389-ac5a-d135259cdf54 reason=INVALID_SIDE
2026-03-28 17:45:59,509 INFO execution_engine skipped invalid trade 9b9cc866-2ed4-593b-948f-3595a1cf2af1 reason=INVALID_SIDE
2026-03-28 17:49:44,880 INFO execution_engine skipped invalid trade 679a8cdc-1450-5389-ac5a-d135259cdf54 reason=INVALID_SIDE
2026-03-28 17:49:54,106 INFO execution_engine skipped invalid trade 9b9cc866-2ed4-593b-948f-3595a1cf2af1 reason=INVALID_SIDE
2026-03-28 17:50:01,378 INFO execution_engine skipped invalid trade a15fae86-ff29-5510-8931-7674d8706d5e reason=MISSING_QUANTITY
2026-03-28 17:53:11,719 INFO execution_engine skipped invalid trade 679a8cdc-1450-5389-ac5a-d135259cdf54 reason=INVALID_SIDE
2026-03-28 17:53:18,645 INFO execution_engine skipped invalid trade 9b9cc866-2ed4-593b-948f-3595a1cf2af1 reason=INVALID_SIDE
2026-03-28 17:53:24,233 INFO execution_engine skipped invalid trade a15fae86-ff29-5510-8931-7674d8706d5e reason=MISSING_QUANTITY
2026-03-28 17:58:12,579 INFO execution_engine skipped invalid trade 679a8cdc-1450-5389-ac5a-d135259cdf54 reason=INVALID_SIDE
2026-03-28 17:58:19,003 INFO execution_engine skipped invalid trade 9b9cc866-2ed4-593b-948f-3595a1cf2af1 reason=INVALID_SIDE
2026-03-28 17:58:24,603 INFO execution_engine skipped invalid trade a15fae86-ff29-5510-8931-7674d8706d5e reason=MISSING_QUANTITY
2026-03-28 17:59:06,321 INFO execution_engine skipped invalid trade 679a8cdc-1450-5389-ac5a-d135259cdf54 reason=INVALID_SIDE
2026-03-28 17:59:13,184 INFO execution_engine skipped invalid trade 9b9cc866-2ed4-593b-948f-3595a1cf2af1 reason=INVALID_SIDE
2026-03-28 17:59:18,754 INFO execution_engine skipped invalid trade a15fae86-ff29-5510-8931-7674d8706d5e reason=MISSING_QUANTITY
2026-03-28 18:05:41,292 INFO runtime_error[run_operator_action] ValueError: bad candle payload
2026-03-28 18:05:41,335 INFO runtime_error[run_operator_action] ValueError: bad candle payload
2026-03-28 18:05:43,676 INFO execution_engine skipped invalid trade 776ac56f-74c1-53b0-8f6a-6470755df94c reason=INVALID_SIDE
2026-03-28 18:05:50,098 INFO execution_engine skipped invalid trade 679a8cdc-1450-5389-ac5a-d135259cdf54 reason=INVALID_SIDE
2026-03-28 18:05:56,919 INFO execution_engine skipped invalid trade 9b9cc866-2ed4-593b-948f-3595a1cf2af1 reason=INVALID_SIDE
2026-03-28 18:06:02,487 INFO execution_engine skipped invalid trade a15fae86-ff29-5510-8931-7674d8706d5e reason=MISSING_QUANTITY
2026-03-28 18:29:33,150 INFO execution_engine skipped invalid trade 776ac56f-74c1-53b0-8f6a-6470755df94c reason=INVALID_SIDE
2026-03-28 18:29:40,007 INFO execution_engine skipped invalid trade 679a8cdc-1450-5389-ac5a-d135259cdf54 reason=INVALID_SIDE
2026-03-28 18:29:47,724 INFO execution_engine skipped invalid trade 9b9cc866-2ed4-593b-948f-3595a1cf2af1 reason=INVALID_SIDE
2026-03-28 18:29:53,530 INFO execution_engine skipped invalid trade a15fae86-ff29-5510-8931-7674d8706d5e reason=MISSING_QUANTITY
2026-03-28 18:29:57,719 INFO runtime_error[run_operator_action] ValueError: bad candle payload
2026-03-28 18:29:57,729 INFO runtime_error[run_operator_action] ValueError: bad candle payload
2026-03-28 19:02:00,080 INFO execution_engine skipped invalid trade 679a8cdc-1450-5389-ac5a-d135259cdf54 reason=INVALID_SIDE
2026-03-28 19:02:08,040 INFO execution_engine skipped invalid trade 9b9cc866-2ed4-593b-948f-3595a1cf2af1 reason=INVALID_SIDE
2026-03-28 19:02:13,842 INFO execution_engine skipped invalid trade a15fae86-ff29-5510-8931-7674d8706d5e reason=MISSING_QUANTITY
2026-03-28 19:08:15,309 INFO execution_engine skipped invalid trade 776ac56f-74c1-53b0-8f6a-6470755df94c reason=INVALID_SIDE
2026-03-28 19:08:16,529 INFO execution_engine skipped invalid trade 679a8cdc-1450-5389-ac5a-d135259cdf54 reason=INVALID_SIDE
2026-03-28 19:08:22,136 INFO execution_engine skipped invalid trade 679a8cdc-1450-5389-ac5a-d135259cdf54 reason=INVALID_SIDE
2026-03-28 19:08:23,850 INFO execution_engine skipped invalid trade 9b9cc866-2ed4-593b-948f-3595a1cf2af1 reason=INVALID_SIDE
2026-03-28 19:08:29,084 INFO execution_engine skipped invalid trade a15fae86-ff29-5510-8931-7674d8706d5e reason=MISSING_QUANTITY
2026-03-28 19:08:29,224 INFO execution_engine skipped invalid trade 9b9cc866-2ed4-593b-948f-3595a1cf2af1 reason=INVALID_SIDE
2026-03-28 19:08:36,225 INFO execution_engine skipped invalid trade a15fae86-ff29-5510-8931-7674d8706d5e reason=MISSING_QUANTITY
2026-03-28 19:08:42,745 INFO runtime_error[run_operator_action] ValueError: bad candle payload
2026-03-28 19:08:42,768 INFO runtime_error[run_operator_action] ValueError: bad candle payload
2026-03-28 19:16:25,246 INFO Trading cycle completed strategy=Breakout broker=PAPER 1 trade executed
2026-03-28 22:55:59,341 INFO Trading UI failure: _render_dashboard_tab() missing 1 required keyword-only argument: 'candles'
2026-03-28 22:55:59,378 INFO Trading UI failure: _render_dashboard_tab() missing 1 required keyword-only argument: 'candles'
2026-03-28 22:55:59,386 INFO Trading UI failure: _render_dashboard_tab() missing 1 required keyword-only argument: 'candles'
2026-03-29 00:14:40,340 INFO execution_engine skipped invalid trade 776ac56f-74c1-53b0-8f6a-6470755df94c reason=INVALID_SIDE
2026-03-29 00:17:33,640 INFO execution_engine skipped invalid trade 776ac56f-74c1-53b0-8f6a-6470755df94c reason=INVALID_SIDE
2026-03-29 00:20:48,099 INFO execution_engine skipped invalid trade 776ac56f-74c1-53b0-8f6a-6470755df94c reason=INVALID_SIDE
2026-03-29 00:21:40,000 INFO execution_engine skipped invalid trade 776ac56f-74c1-53b0-8f6a-6470755df94c reason=INVALID_SIDE
2026-03-29 00:24:45,781 INFO execution_engine skipped invalid trade 776ac56f-74c1-53b0-8f6a-6470755df94c reason=INVALID_SIDE
2026-03-29 00:57:17,760 INFO execution_engine skipped invalid trade 776ac56f-74c1-53b0-8f6a-6470755df94c reason=INVALID_SIDE
2026-03-29 01:06:08,727 INFO execution_engine skipped invalid trade 776ac56f-74c1-53b0-8f6a-6470755df94c reason=INVALID_SIDE
2026-03-29 01:16:45,061 INFO execution_engine skipped invalid trade 776ac56f-74c1-53b0-8f6a-6470755df94c reason=INVALID_SIDE
2026-03-29 01:17:38,354 INFO execution_engine skipped invalid trade 776ac56f-74c1-53b0-8f6a-6470755df94c reason=INVALID_SIDE
2026-03-29 11:39:05,824 INFO execution_engine skipped invalid trade 776ac56f-74c1-53b0-8f6a-6470755df94c reason=INVALID_SIDE
2026-03-29 11:40:49,586 INFO execution_engine skipped invalid trade 679a8cdc-1450-5389-ac5a-d135259cdf54 reason=INVALID_SIDE
2026-03-29 11:40:56,162 INFO execution_engine skipped invalid trade 9b9cc866-2ed4-593b-948f-3595a1cf2af1 reason=INVALID_SIDE
2026-03-29 11:41:01,852 INFO execution_engine skipped invalid trade a15fae86-ff29-5510-8931-7674d8706d5e reason=MISSING_QUANTITY
2026-03-29 11:47:23,777 INFO execution_engine skipped invalid trade 776ac56f-74c1-53b0-8f6a-6470755df94c reason=INVALID_SIDE
2026-03-29 11:47:35,351 INFO execution_engine skipped invalid trade 679a8cdc-1450-5389-ac5a-d135259cdf54 reason=INVALID_SIDE
2026-03-29 11:47:46,604 INFO execution_engine skipped invalid trade 9b9cc866-2ed4-593b-948f-3595a1cf2af1 reason=INVALID_SIDE
2026-03-29 11:47:57,668 INFO execution_engine skipped invalid trade a15fae86-ff29-5510-8931-7674d8706d5e reason=MISSING_QUANTITY
2026-03-29 11:50:31,131 INFO execution_engine skipped invalid trade 776ac56f-74c1-53b0-8f6a-6470755df94c reason=INVALID_SIDE
2026-03-29 11:50:38,390 INFO execution_engine skipped invalid trade 679a8cdc-1450-5389-ac5a-d135259cdf54 reason=INVALID_SIDE
2026-03-29 11:50:45,324 INFO execution_engine skipped invalid trade 9b9cc866-2ed4-593b-948f-3595a1cf2af1 reason=INVALID_SIDE
2026-03-29 11:50:53,222 INFO execution_engine skipped invalid trade a15fae86-ff29-5510-8931-7674d8706d5e reason=MISSING_QUANTITY
2026-03-29 11:52:18,951 INFO execution_engine skipped invalid trade 776ac56f-74c1-53b0-8f6a-6470755df94c reason=INVALID_SIDE
2026-03-29 11:52:25,772 INFO execution_engine skipped invalid trade 679a8cdc-1450-5389-ac5a-d135259cdf54 reason=INVALID_SIDE
2026-03-29 11:52:32,784 INFO execution_engine skipped invalid trade 9b9cc866-2ed4-593b-948f-3595a1cf2af1 reason=INVALID_SIDE
2026-03-29 11:52:38,549 INFO execution_engine skipped invalid trade a15fae86-ff29-5510-8931-7674d8706d5e reason=MISSING_QUANTITY
2026-03-29 11:59:28,427 INFO execution_engine skipped invalid trade 776ac56f-74c1-53b0-8f6a-6470755df94c reason=INVALID_SIDE
2026-03-29 11:59:34,738 INFO execution_engine skipped invalid trade 679a8cdc-1450-5389-ac5a-d135259cdf54 reason=INVALID_SIDE
2026-03-29 11:59:46,719 INFO execution_engine skipped invalid trade 9b9cc866-2ed4-593b-948f-3595a1cf2af1 reason=INVALID_SIDE
2026-03-29 11:59:52,804 INFO execution_engine skipped invalid trade a15fae86-ff29-5510-8931-7674d8706d5e reason=MISSING_QUANTITY
2026-03-29 12:06:08,294 INFO runtime_error[run_operator_action] ValueError: bad candle payload
2026-03-29 12:06:08,320 INFO runtime_error[run_operator_action] ValueError: bad candle payload
2026-03-29 12:07:05,130 INFO runtime_error[run_operator_action] ValueError: bad candle payload
2026-03-29 12:07:05,166 INFO runtime_error[run_operator_action] ValueError: bad candle payload
2026-03-29 12:14:07,422 INFO runtime_error[run_operator_action] ValueError: bad candle payload
2026-03-29 12:14:07,457 INFO runtime_error[run_operator_action] ValueError: bad candle payload
2026-03-29 12:19:42,014 INFO runtime_error[run_operator_action] ValueError: bad candle payload
2026-03-29 12:19:42,039 INFO runtime_error[run_operator_action] ValueError: bad candle payload
2026-03-29 12:20:52,179 INFO runtime_error[run_operator_action] ValueError: bad candle payload
2026-03-29 12:20:52,287 INFO runtime_error[run_operator_action] ValueError: bad candle payload
2026-03-29 12:24:51,017 INFO runtime_error[run_operator_action] ValueError: bad candle payload
2026-03-29 12:24:51,031 INFO runtime_error[run_operator_action] ValueError: bad candle payload
2026-03-29 12:25:20,873 INFO runtime_error[run_operator_action] ValueError: bad candle payload
2026-03-29 12:25:20,892 INFO runtime_error[run_operator_action] ValueError: bad candle payload
2026-03-29 13:02:37,105 INFO runtime_error[run_operator_action] ValueError: bad candle payload
2026-03-29 13:02:37,160 INFO runtime_error[run_operator_action] ValueError: bad candle payload
2026-03-29 13:02:44,030 INFO runtime_error[run_operator_action] ValueError: bad candle payload
2026-03-29 13:02:44,041 INFO runtime_error[run_operator_action] ValueError: bad candle payload
2026-03-29 14:29:40,792 INFO runtime_error[run_operator_action] ValueError: bad candle payload
2026-03-29 14:29:40,815 INFO runtime_error[run_operator_action] ValueError: bad candle payload
2026-03-29 22:58:02,645 INFO runtime_error[run_operator_action] ValueError: bad candle payload
2026-03-29 22:58:02,686 INFO runtime_error[run_operator_action] ValueError: bad candle payload
2026-03-29 22:58:49,430 INFO runtime_error[run_operator_action] ValueError: bad candle payload
2026-03-29 22:58:49,447 INFO runtime_error[run_operator_action] ValueError: bad candle payload
2026-03-29 23:01:02,412 INFO runtime_error[run_operator_action] ValueError: bad candle payload
2026-03-29 23:01:02,453 INFO runtime_error[run_operator_action] ValueError: bad candle payload
2026-03-29 23:02:01,046 INFO runtime_error[run_operator_action] ValueError: bad candle payload
2026-03-29 23:02:01,082 INFO runtime_error[run_operator_action] ValueError: bad candle payload
2026-03-29 23:39:03,259 INFO execution_engine skipped invalid trade 942b9713-ba4e-5039-93c7-dcea9d283259 reason=VALIDATION_STATUS_FAIL
2026-03-29 23:39:04,289 INFO execution_engine skipped invalid trade bdd5043a-a536-56a8-b806-e5445adf9e99 reason=EXECUTION_GATE_BLOCKED
2026-03-29 23:39:05,623 INFO execution_engine skipped invalid trade 942b9713-ba4e-5039-93c7-dcea9d283259 reason=VALIDATION_STATUS_FAIL
2026-03-29 23:39:08,257 INFO runtime_error[run_operator_action] ValueError: bad candle payload
2026-03-29 23:39:08,275 INFO runtime_error[run_operator_action] ValueError: bad candle payload
2026-03-29 23:39:14,468 INFO execution_engine skipped invalid trade 679a8cdc-1450-5389-ac5a-d135259cdf54 reason=INVALID_SIDE
2026-03-29 23:39:16,883 INFO execution_engine skipped invalid trade 36dcb743-7bfe-5c48-b5a2-bb458fc4f09c reason=MISSING_ZONE_ID
2026-03-29 23:39:18,959 INFO execution_engine skipped invalid trade 059b8f2d-88d8-525a-bafe-e656bbf544e0 reason=MISSING_ZONE_ID
2026-03-29 23:39:18,961 INFO execution_engine skipped invalid trade 82dca03f-d65a-50c0-9dd4-b385ec9f084a reason=MISSING_ZONE_ID
2026-03-29 23:39:20,462 INFO execution_engine skipped invalid trade 9b9cc866-2ed4-593b-948f-3595a1cf2af1 reason=INVALID_SIDE
2026-03-29 23:39:21,834 INFO execution_engine skipped invalid trade 40c10c2a-c2ec-5c20-a926-56b3adaf42e0 reason=MISSING_ZONE_ID
2026-03-29 23:39:23,000 INFO execution_engine skipped invalid trade 059b8f2d-88d8-525a-bafe-e656bbf544e0 reason=MISSING_ZONE_ID
2026-03-29 23:39:23,001 INFO execution_engine skipped invalid trade 1e5c4522-a154-53ea-a447-04ac49006de4 reason=MISSING_ZONE_ID
2026-03-29 23:39:23,362 INFO execution_engine skipped invalid trade 059b8f2d-88d8-525a-bafe-e656bbf544e0 reason=MISSING_ZONE_ID
2026-03-29 23:39:23,364 INFO execution_engine skipped invalid trade 87e47f58-99a7-5dd8-9c6e-6760f663ea14 reason=MISSING_ZONE_ID
2026-03-29 23:39:23,814 INFO execution_engine skipped invalid trade 059b8f2d-88d8-525a-bafe-e656bbf544e0 reason=MISSING_ZONE_ID
2026-03-29 23:39:23,817 INFO execution_engine skipped invalid trade d5ecf94c-047a-5abf-a016-c96277beeda6 reason=MISSING_ZONE_ID
2026-03-29 23:39:24,298 INFO execution_engine skipped invalid trade a15fae86-ff29-5510-8931-7674d8706d5e reason=MISSING_QUANTITY
2026-03-29 23:39:24,625 INFO execution_engine skipped invalid trade 059b8f2d-88d8-525a-bafe-e656bbf544e0 reason=MISSING_ZONE_ID
2026-03-29 23:39:26,035 INFO execution_engine skipped invalid trade 059b8f2d-88d8-525a-bafe-e656bbf544e0 reason=MISSING_ZONE_ID
2026-03-29 23:47:12,728 INFO runtime_error[run_operator_action] ValueError: bad candle payload
2026-03-29 23:47:12,760 INFO runtime_error[run_operator_action] ValueError: bad candle payload
2026-03-29 23:54:07,006 INFO runtime_error[run_operator_action] ValueError: bad candle payload
2026-03-29 23:54:07,032 INFO runtime_error[run_operator_action] ValueError: bad candle payload
2026-03-30 00:01:38,674 INFO execution_engine skipped invalid trade 679a8cdc-1450-5389-ac5a-d135259cdf54 reason=INVALID_SIDE
2026-03-30 00:01:41,208 INFO execution_engine skipped invalid trade 36dcb743-7bfe-5c48-b5a2-bb458fc4f09c reason=MISSING_ZONE_ID
2026-03-30 00:01:43,549 INFO execution_engine skipped invalid trade 059b8f2d-88d8-525a-bafe-e656bbf544e0 reason=MISSING_ZONE_ID
2026-03-30 00:01:43,550 INFO execution_engine skipped invalid trade 82dca03f-d65a-50c0-9dd4-b385ec9f084a reason=MISSING_ZONE_ID
2026-03-30 00:01:45,135 INFO execution_engine skipped invalid trade 9b9cc866-2ed4-593b-948f-3595a1cf2af1 reason=INVALID_SIDE
2026-03-30 00:01:46,644 INFO execution_engine skipped invalid trade 40c10c2a-c2ec-5c20-a926-56b3adaf42e0 reason=MISSING_ZONE_ID
2026-03-30 00:01:47,982 INFO execution_engine skipped invalid trade 059b8f2d-88d8-525a-bafe-e656bbf544e0 reason=MISSING_ZONE_ID
2026-03-30 00:01:47,985 INFO execution_engine skipped invalid trade 1e5c4522-a154-53ea-a447-04ac49006de4 reason=MISSING_ZONE_ID
2026-03-30 00:01:48,318 INFO execution_engine skipped invalid trade 059b8f2d-88d8-525a-bafe-e656bbf544e0 reason=MISSING_ZONE_ID
2026-03-30 00:01:48,320 INFO execution_engine skipped invalid trade 87e47f58-99a7-5dd8-9c6e-6760f663ea14 reason=MISSING_ZONE_ID
2026-03-30 00:01:48,642 INFO execution_engine skipped invalid trade 059b8f2d-88d8-525a-bafe-e656bbf544e0 reason=MISSING_ZONE_ID
2026-03-30 00:01:48,645 INFO execution_engine skipped invalid trade d5ecf94c-047a-5abf-a016-c96277beeda6 reason=MISSING_ZONE_ID
2026-03-30 00:01:49,134 INFO execution_engine skipped invalid trade a15fae86-ff29-5510-8931-7674d8706d5e reason=MISSING_QUANTITY
2026-03-30 00:01:49,557 INFO execution_engine skipped invalid trade 059b8f2d-88d8-525a-bafe-e656bbf544e0 reason=MISSING_ZONE_ID
2026-03-30 00:01:50,916 INFO execution_engine skipped invalid trade 059b8f2d-88d8-525a-bafe-e656bbf544e0 reason=MISSING_ZONE_ID
2026-03-30 00:01:55,700 INFO runtime_error[run_operator_action] ValueError: bad candle payload
2026-03-30 00:01:55,725 INFO runtime_error[run_operator_action] ValueError: bad candle payload
2026-03-30 00:03:20,120 INFO execution_engine skipped invalid trade 679a8cdc-1450-5389-ac5a-d135259cdf54 reason=INVALID_SIDE
2026-03-30 00:03:22,132 INFO execution_engine skipped invalid trade 36dcb743-7bfe-5c48-b5a2-bb458fc4f09c reason=MISSING_ZONE_ID
2026-03-30 00:03:24,369 INFO execution_engine skipped invalid trade 059b8f2d-88d8-525a-bafe-e656bbf544e0 reason=MISSING_ZONE_ID
2026-03-30 00:03:24,371 INFO execution_engine skipped invalid trade 82dca03f-d65a-50c0-9dd4-b385ec9f084a reason=MISSING_ZONE_ID
2026-03-30 00:03:25,759 INFO execution_engine skipped invalid trade 9b9cc866-2ed4-593b-948f-3595a1cf2af1 reason=INVALID_SIDE
2026-03-30 00:03:26,864 INFO execution_engine skipped invalid trade 40c10c2a-c2ec-5c20-a926-56b3adaf42e0 reason=MISSING_ZONE_ID
2026-03-30 00:03:27,813 INFO execution_engine skipped invalid trade 059b8f2d-88d8-525a-bafe-e656bbf544e0 reason=MISSING_ZONE_ID
2026-03-30 00:03:27,815 INFO execution_engine skipped invalid trade 1e5c4522-a154-53ea-a447-04ac49006de4 reason=MISSING_ZONE_ID
2026-03-30 00:03:28,071 INFO execution_engine skipped invalid trade 059b8f2d-88d8-525a-bafe-e656bbf544e0 reason=MISSING_ZONE_ID
2026-03-30 00:03:28,073 INFO execution_engine skipped invalid trade 87e47f58-99a7-5dd8-9c6e-6760f663ea14 reason=MISSING_ZONE_ID
2026-03-30 00:03:28,341 INFO execution_engine skipped invalid trade 059b8f2d-88d8-525a-bafe-e656bbf544e0 reason=MISSING_ZONE_ID
2026-03-30 00:03:28,343 INFO execution_engine skipped invalid trade d5ecf94c-047a-5abf-a016-c96277beeda6 reason=MISSING_ZONE_ID
2026-03-30 00:03:28,571 INFO execution_engine skipped invalid trade a15fae86-ff29-5510-8931-7674d8706d5e reason=MISSING_QUANTITY
2026-03-30 00:03:28,844 INFO execution_engine skipped invalid trade 059b8f2d-88d8-525a-bafe-e656bbf544e0 reason=MISSING_ZONE_ID
2026-03-30 00:03:30,129 INFO execution_engine skipped invalid trade 059b8f2d-88d8-525a-bafe-e656bbf544e0 reason=MISSING_ZONE_ID
2026-03-30 00:07:25,940 INFO execution_engine skipped invalid trade 0109fda5-98c7-5cc3-8cea-5d213a4cde3c reason=INVALID_SIDE
2026-03-30 00:07:32,403 INFO execution_engine skipped invalid trade de47edf7-b36d-555a-96bd-1e138ef375b3 reason=INVALID_SIDE
2026-03-30 00:07:37,920 INFO execution_engine skipped invalid trade 8fea0bb5-e0e5-57ff-b0c2-fcde0e2f054a reason=MISSING_QUANTITY
2026-03-30 00:08:08,424 INFO runtime_error[run_operator_action] ValueError: bad candle payload
2026-03-30 00:08:08,441 INFO runtime_error[run_operator_action] ValueError: bad candle payload
2026-03-30 00:08:13,181 INFO execution_engine skipped invalid trade 0109fda5-98c7-5cc3-8cea-5d213a4cde3c reason=INVALID_SIDE
2026-03-30 00:08:19,595 INFO execution_engine skipped invalid trade de47edf7-b36d-555a-96bd-1e138ef375b3 reason=INVALID_SIDE
2026-03-30 00:08:24,934 INFO execution_engine skipped invalid trade 8fea0bb5-e0e5-57ff-b0c2-fcde0e2f054a reason=MISSING_QUANTITY
