[2026-03-24 19:51:21] Risk blocked trade 18572238-501e-5828-b326-fcd3e64262e2 reason=MAX_DAILY_LOSS
[2026-03-24 19:51:21] Kill-switch blocked trade 18572238-501e-5828-b326-fcd3e64262e2
[2026-03-24 19:51:21] Rejected invalid trade bd45846d-74df-5358-a23b-437fa02cd28e reason=INVALID_SIDE
[2026-03-24 19:51:21] Risk blocked trade caeb03fb-5b45-534b-86e0-b5f29d082ef4 reason=MAX_TRADES_PER_DAY
[2026-03-24 19:51:21] Rejected invalid trade 781b5df1-8de4-598a-b1d4-646fe62f75b2 reason=INVALID_SIDE
[2026-03-24 19:52:05] Risk blocked trade 18572238-501e-5828-b326-fcd3e64262e2 reason=MAX_DAILY_LOSS
[2026-03-24 19:52:05] Kill-switch blocked trade 18572238-501e-5828-b326-fcd3e64262e2
[2026-03-24 19:52:05] Rejected invalid trade bd45846d-74df-5358-a23b-437fa02cd28e reason=INVALID_SIDE
[2026-03-24 19:52:05] Risk blocked trade caeb03fb-5b45-534b-86e0-b5f29d082ef4 reason=MAX_TRADES_PER_DAY
[2026-03-24 19:52:05] Rejected invalid trade 781b5df1-8de4-598a-b1d4-646fe62f75b2 reason=INVALID_SIDE
[2026-03-24 19:59:15] Risk blocked trade 18572238-501e-5828-b326-fcd3e64262e2 reason=MAX_DAILY_LOSS
[2026-03-24 19:59:15] Kill-switch blocked trade 18572238-501e-5828-b326-fcd3e64262e2
[2026-03-24 19:59:15] Rejected invalid trade bd45846d-74df-5358-a23b-437fa02cd28e reason=INVALID_SIDE
[2026-03-24 19:59:15] Risk blocked trade caeb03fb-5b45-534b-86e0-b5f29d082ef4 reason=MAX_TRADES_PER_DAY
[2026-03-24 19:59:15] Rejected invalid trade 781b5df1-8de4-598a-b1d4-646fe62f75b2 reason=INVALID_SIDE
[2026-03-24 19:59:43] Risk blocked trade 18572238-501e-5828-b326-fcd3e64262e2 reason=MAX_DAILY_LOSS
[2026-03-24 19:59:43] Kill-switch blocked trade 18572238-501e-5828-b326-fcd3e64262e2
[2026-03-24 19:59:43] Rejected invalid trade bd45846d-74df-5358-a23b-437fa02cd28e reason=INVALID_SIDE
[2026-03-24 19:59:43] Risk blocked trade caeb03fb-5b45-534b-86e0-b5f29d082ef4 reason=MAX_TRADES_PER_DAY
[2026-03-24 19:59:43] Rejected invalid trade 781b5df1-8de4-598a-b1d4-646fe62f75b2 reason=INVALID_SIDE
[2026-03-24 20:12:06] Risk blocked trade 18572238-501e-5828-b326-fcd3e64262e2 reason=MAX_DAILY_LOSS
[2026-03-24 20:12:06] Kill-switch blocked trade 18572238-501e-5828-b326-fcd3e64262e2
[2026-03-24 20:12:06] Rejected invalid trade bd45846d-74df-5358-a23b-437fa02cd28e reason=INVALID_SIDE
[2026-03-24 20:12:06] Risk blocked trade caeb03fb-5b45-534b-86e0-b5f29d082ef4 reason=MAX_TRADES_PER_DAY
[2026-03-24 20:12:06] Rejected invalid trade 781b5df1-8de4-598a-b1d4-646fe62f75b2 reason=INVALID_SIDE
[2026-03-24 20:19:11] Risk blocked trade 18572238-501e-5828-b326-fcd3e64262e2 reason=MAX_DAILY_LOSS
[2026-03-24 20:19:11] Kill-switch blocked trade 18572238-501e-5828-b326-fcd3e64262e2
[2026-03-24 20:19:11] Rejected invalid trade bd45846d-74df-5358-a23b-437fa02cd28e reason=INVALID_SIDE
[2026-03-24 20:19:11] Risk blocked trade caeb03fb-5b45-534b-86e0-b5f29d082ef4 reason=MAX_TRADES_PER_DAY
[2026-03-24 20:19:12] Rejected invalid trade 781b5df1-8de4-598a-b1d4-646fe62f75b2 reason=INVALID_SIDE
[2026-03-24 20:24:07] Risk blocked trade 18572238-501e-5828-b326-fcd3e64262e2 reason=MAX_DAILY_LOSS
[2026-03-24 20:24:07] Kill-switch blocked trade 18572238-501e-5828-b326-fcd3e64262e2
[2026-03-24 20:24:07] Rejected invalid trade bd45846d-74df-5358-a23b-437fa02cd28e reason=INVALID_SIDE
[2026-03-24 20:24:07] Risk blocked trade caeb03fb-5b45-534b-86e0-b5f29d082ef4 reason=MAX_TRADES_PER_DAY
[2026-03-24 20:24:07] Rejected invalid trade 781b5df1-8de4-598a-b1d4-646fe62f75b2 reason=INVALID_SIDE
[2026-03-24 21:39:10] Risk blocked trade 18572238-501e-5828-b326-fcd3e64262e2 reason=MAX_DAILY_LOSS
[2026-03-24 21:39:10] Kill-switch blocked trade 18572238-501e-5828-b326-fcd3e64262e2
[2026-03-24 21:39:10] Optimizer gate blocked trade 18572238-501e-5828-b326-fcd3e64262e2 strategy=BREAKOUT reason=NEGATIVE_EXPECTANCY
[2026-03-24 21:39:10] Rejected invalid trade bd45846d-74df-5358-a23b-437fa02cd28e reason=INVALID_SIDE
[2026-03-24 21:39:10] Rejected invalid trade 781b5df1-8de4-598a-b1d4-646fe62f75b2 reason=INVALID_SIDE
[2026-03-24 21:56:54] Risk blocked trade 18572238-501e-5828-b326-fcd3e64262e2 reason=MAX_DAILY_LOSS
[2026-03-24 21:56:54] Kill-switch blocked trade 18572238-501e-5828-b326-fcd3e64262e2
[2026-03-24 21:56:54] Optimizer gate blocked trade 18572238-501e-5828-b326-fcd3e64262e2 strategy=BREAKOUT reason=NEGATIVE_EXPECTANCY
[2026-03-24 21:56:54] Rejected invalid trade bd45846d-74df-5358-a23b-437fa02cd28e reason=INVALID_SIDE
[2026-03-24 21:56:54] Risk blocked trade caeb03fb-5b45-534b-86e0-b5f29d082ef4 reason=MAX_TRADES_PER_DAY
[2026-03-24 21:56:54] Rejected invalid trade 781b5df1-8de4-598a-b1d4-646fe62f75b2 reason=INVALID_SIDE
[2026-03-24 22:35:57] Risk blocked trade a15fae86-ff29-5510-8931-7674d8706d5e reason=MAX_DAILY_LOSS
[2026-03-24 22:35:57] Kill-switch blocked trade a15fae86-ff29-5510-8931-7674d8706d5e
[2026-03-24 22:35:57] Optimizer gate blocked trade a15fae86-ff29-5510-8931-7674d8706d5e strategy=BREAKOUT reason=NEGATIVE_EXPECTANCY
[2026-03-24 22:35:58] Rejected invalid trade 679a8cdc-1450-5389-ac5a-d135259cdf54 reason=INVALID_SIDE
[2026-03-24 22:35:58] Risk blocked trade 24d33627-2d2a-574d-ba91-cfca136b0a25 reason=MAX_TRADES_PER_DAY
[2026-03-24 22:35:58] Risk blocked trade 36dcb743-7bfe-5c48-b5a2-bb458fc4f09c reason=MAX_OPEN_TRADES
[2026-03-24 22:35:58] Rejected invalid trade 9b9cc866-2ed4-593b-948f-3595a1cf2af1 reason=INVALID_SIDE
[2026-03-24 22:38:02] Risk blocked trade a15fae86-ff29-5510-8931-7674d8706d5e reason=MAX_DAILY_LOSS
[2026-03-24 22:38:02] Kill-switch blocked trade a15fae86-ff29-5510-8931-7674d8706d5e
[2026-03-24 22:38:02] Optimizer gate blocked trade a15fae86-ff29-5510-8931-7674d8706d5e strategy=BREAKOUT reason=NEGATIVE_EXPECTANCY
[2026-03-24 22:38:02] Rejected invalid trade 679a8cdc-1450-5389-ac5a-d135259cdf54 reason=INVALID_SIDE
[2026-03-24 22:38:02] Risk blocked trade 24d33627-2d2a-574d-ba91-cfca136b0a25 reason=MAX_TRADES_PER_DAY
[2026-03-24 22:38:03] Risk blocked trade 36dcb743-7bfe-5c48-b5a2-bb458fc4f09c reason=MAX_OPEN_TRADES
[2026-03-24 22:38:03] Rejected invalid trade 9b9cc866-2ed4-593b-948f-3595a1cf2af1 reason=INVALID_SIDE
[2026-03-25 04:56:24] Risk blocked trade a15fae86-ff29-5510-8931-7674d8706d5e reason=MAX_DAILY_LOSS
[2026-03-25 04:56:24] Kill-switch blocked trade a15fae86-ff29-5510-8931-7674d8706d5e
[2026-03-25 04:56:24] Optimizer gate blocked trade a15fae86-ff29-5510-8931-7674d8706d5e strategy=BREAKOUT reason=NEGATIVE_EXPECTANCY
[2026-03-25 04:56:24] Rejected invalid trade 679a8cdc-1450-5389-ac5a-d135259cdf54 reason=INVALID_SIDE
[2026-03-25 04:56:24] Risk blocked trade 24d33627-2d2a-574d-ba91-cfca136b0a25 reason=MAX_TRADES_PER_DAY
[2026-03-25 04:56:24] Risk blocked trade 36dcb743-7bfe-5c48-b5a2-bb458fc4f09c reason=MAX_OPEN_TRADES
[2026-03-25 04:56:24] Rejected invalid trade 9b9cc866-2ed4-593b-948f-3595a1cf2af1 reason=INVALID_SIDE
[2026-03-25 05:00:38] Risk blocked trade a15fae86-ff29-5510-8931-7674d8706d5e reason=MAX_DAILY_LOSS
[2026-03-25 05:00:38] Kill-switch blocked trade a15fae86-ff29-5510-8931-7674d8706d5e
[2026-03-25 05:00:38] Optimizer gate blocked trade a15fae86-ff29-5510-8931-7674d8706d5e strategy=BREAKOUT reason=NEGATIVE_EXPECTANCY
[2026-03-25 05:00:38] Rejected invalid trade 679a8cdc-1450-5389-ac5a-d135259cdf54 reason=INVALID_SIDE
[2026-03-25 05:00:38] Risk blocked trade 24d33627-2d2a-574d-ba91-cfca136b0a25 reason=MAX_TRADES_PER_DAY
[2026-03-25 05:00:38] Risk blocked trade 36dcb743-7bfe-5c48-b5a2-bb458fc4f09c reason=MAX_OPEN_TRADES
[2026-03-25 05:00:38] Rejected invalid trade 9b9cc866-2ed4-593b-948f-3595a1cf2af1 reason=INVALID_SIDE
[2026-03-25 05:07:47] Risk blocked trade a15fae86-ff29-5510-8931-7674d8706d5e reason=MAX_DAILY_LOSS
[2026-03-25 05:07:47] Kill-switch blocked trade a15fae86-ff29-5510-8931-7674d8706d5e
[2026-03-25 05:07:47] Optimizer gate blocked trade a15fae86-ff29-5510-8931-7674d8706d5e strategy=BREAKOUT reason=NEGATIVE_EXPECTANCY
[2026-03-25 05:07:47] Rejected invalid trade 679a8cdc-1450-5389-ac5a-d135259cdf54 reason=INVALID_SIDE
[2026-03-25 05:07:47] Risk blocked trade 24d33627-2d2a-574d-ba91-cfca136b0a25 reason=MAX_TRADES_PER_DAY
[2026-03-25 05:07:47] Risk blocked trade 36dcb743-7bfe-5c48-b5a2-bb458fc4f09c reason=MAX_OPEN_TRADES
[2026-03-25 05:07:47] Rejected invalid trade 9b9cc866-2ed4-593b-948f-3595a1cf2af1 reason=INVALID_SIDE
[2026-03-25 06:28:24] Risk blocked trade a15fae86-ff29-5510-8931-7674d8706d5e reason=MAX_DAILY_LOSS
[2026-03-25 06:28:24] Kill-switch blocked trade a15fae86-ff29-5510-8931-7674d8706d5e
[2026-03-25 06:28:24] Optimizer gate blocked trade a15fae86-ff29-5510-8931-7674d8706d5e strategy=BREAKOUT reason=NEGATIVE_EXPECTANCY
[2026-03-25 06:28:24] Rejected invalid trade 679a8cdc-1450-5389-ac5a-d135259cdf54 reason=INVALID_SIDE
[2026-03-25 06:28:24] Risk blocked trade 24d33627-2d2a-574d-ba91-cfca136b0a25 reason=MAX_TRADES_PER_DAY
[2026-03-25 06:28:24] Risk blocked trade 36dcb743-7bfe-5c48-b5a2-bb458fc4f09c reason=MAX_OPEN_TRADES
[2026-03-25 06:28:24] Rejected invalid trade 9b9cc866-2ed4-593b-948f-3595a1cf2af1 reason=INVALID_SIDE
[2026-03-25 06:35:10] Risk blocked trade a15fae86-ff29-5510-8931-7674d8706d5e reason=MAX_DAILY_LOSS
[2026-03-25 06:35:10] Kill-switch blocked trade a15fae86-ff29-5510-8931-7674d8706d5e
[2026-03-25 06:35:10] Optimizer gate blocked trade a15fae86-ff29-5510-8931-7674d8706d5e strategy=BREAKOUT reason=NEGATIVE_EXPECTANCY
[2026-03-25 06:35:10] Rejected invalid trade 679a8cdc-1450-5389-ac5a-d135259cdf54 reason=INVALID_SIDE
[2026-03-25 06:35:10] Risk blocked trade 24d33627-2d2a-574d-ba91-cfca136b0a25 reason=MAX_TRADES_PER_DAY
[2026-03-25 06:35:11] Risk blocked trade 36dcb743-7bfe-5c48-b5a2-bb458fc4f09c reason=MAX_OPEN_TRADES
[2026-03-25 06:35:11] Rejected invalid trade 9b9cc866-2ed4-593b-948f-3595a1cf2af1 reason=INVALID_SIDE
[2026-03-25 06:45:57] Risk blocked trade a15fae86-ff29-5510-8931-7674d8706d5e reason=MAX_DAILY_LOSS
[2026-03-25 06:45:57] Kill-switch blocked trade a15fae86-ff29-5510-8931-7674d8706d5e
[2026-03-25 06:45:57] Optimizer gate blocked trade a15fae86-ff29-5510-8931-7674d8706d5e strategy=BREAKOUT reason=NEGATIVE_EXPECTANCY
[2026-03-25 06:45:57] Rejected invalid trade 679a8cdc-1450-5389-ac5a-d135259cdf54 reason=INVALID_SIDE
[2026-03-25 06:45:57] Risk blocked trade 24d33627-2d2a-574d-ba91-cfca136b0a25 reason=MAX_TRADES_PER_DAY
[2026-03-25 06:45:57] Risk blocked trade 36dcb743-7bfe-5c48-b5a2-bb458fc4f09c reason=MAX_OPEN_TRADES
[2026-03-25 06:45:57] Rejected invalid trade 9b9cc866-2ed4-593b-948f-3595a1cf2af1 reason=INVALID_SIDE
[2026-03-25 08:10:52] Risk blocked trade a15fae86-ff29-5510-8931-7674d8706d5e reason=MAX_DAILY_LOSS
[2026-03-25 08:10:52] Kill-switch blocked trade a15fae86-ff29-5510-8931-7674d8706d5e
[2026-03-25 08:10:52] Optimizer gate blocked trade a15fae86-ff29-5510-8931-7674d8706d5e strategy=BREAKOUT reason=NEGATIVE_EXPECTANCY
[2026-03-25 08:10:52] Rejected invalid trade 679a8cdc-1450-5389-ac5a-d135259cdf54 reason=INVALID_SIDE
[2026-03-25 08:10:52] Risk blocked trade 24d33627-2d2a-574d-ba91-cfca136b0a25 reason=MAX_TRADES_PER_DAY
[2026-03-25 08:10:53] Risk blocked trade 36dcb743-7bfe-5c48-b5a2-bb458fc4f09c reason=MAX_OPEN_TRADES
[2026-03-25 08:10:53] Rejected invalid trade 9b9cc866-2ed4-593b-948f-3595a1cf2af1 reason=INVALID_SIDE
[2026-03-25 08:12:29] Risk blocked trade a15fae86-ff29-5510-8931-7674d8706d5e reason=MAX_DAILY_LOSS
[2026-03-25 08:12:29] Kill-switch blocked trade a15fae86-ff29-5510-8931-7674d8706d5e
[2026-03-25 08:12:29] Optimizer gate blocked trade a15fae86-ff29-5510-8931-7674d8706d5e strategy=BREAKOUT reason=NEGATIVE_EXPECTANCY
[2026-03-25 08:12:29] Rejected invalid trade 679a8cdc-1450-5389-ac5a-d135259cdf54 reason=INVALID_SIDE
[2026-03-25 08:12:29] Risk blocked trade 24d33627-2d2a-574d-ba91-cfca136b0a25 reason=MAX_TRADES_PER_DAY
[2026-03-25 08:12:29] Risk blocked trade 36dcb743-7bfe-5c48-b5a2-bb458fc4f09c reason=MAX_OPEN_TRADES
[2026-03-25 08:12:29] Rejected invalid trade 9b9cc866-2ed4-593b-948f-3595a1cf2af1 reason=INVALID_SIDE
[2026-03-25 08:18:29] Risk blocked trade a15fae86-ff29-5510-8931-7674d8706d5e reason=MAX_DAILY_LOSS
[2026-03-25 08:18:29] Kill-switch blocked trade a15fae86-ff29-5510-8931-7674d8706d5e
[2026-03-25 08:18:29] Optimizer gate blocked trade a15fae86-ff29-5510-8931-7674d8706d5e strategy=BREAKOUT reason=NEGATIVE_EXPECTANCY
[2026-03-25 08:18:30] Rejected invalid trade 679a8cdc-1450-5389-ac5a-d135259cdf54 reason=INVALID_SIDE
[2026-03-25 08:18:30] Risk blocked trade 24d33627-2d2a-574d-ba91-cfca136b0a25 reason=MAX_TRADES_PER_DAY
[2026-03-25 08:18:30] Risk blocked trade 36dcb743-7bfe-5c48-b5a2-bb458fc4f09c reason=MAX_OPEN_TRADES
[2026-03-25 08:18:30] Rejected invalid trade 9b9cc866-2ed4-593b-948f-3595a1cf2af1 reason=INVALID_SIDE
[2026-03-25 16:16:24] Risk blocked trade a15fae86-ff29-5510-8931-7674d8706d5e reason=MAX_DAILY_LOSS
[2026-03-25 16:16:24] Kill-switch blocked trade a15fae86-ff29-5510-8931-7674d8706d5e
[2026-03-25 16:16:24] Optimizer gate blocked trade a15fae86-ff29-5510-8931-7674d8706d5e strategy=BREAKOUT reason=NEGATIVE_EXPECTANCY
[2026-03-25 16:16:24] Rejected invalid trade 679a8cdc-1450-5389-ac5a-d135259cdf54 reason=INVALID_SIDE
[2026-03-25 16:16:24] Risk blocked trade 24d33627-2d2a-574d-ba91-cfca136b0a25 reason=MAX_TRADES_PER_DAY
[2026-03-25 16:16:25] Risk blocked trade 36dcb743-7bfe-5c48-b5a2-bb458fc4f09c reason=MAX_OPEN_TRADES
[2026-03-25 16:16:25] Rejected invalid trade 9b9cc866-2ed4-593b-948f-3595a1cf2af1 reason=INVALID_SIDE
[2026-03-26 09:38:34] Risk blocked trade a15fae86-ff29-5510-8931-7674d8706d5e reason=MAX_DAILY_LOSS
[2026-03-26 09:38:34] Kill-switch blocked trade a15fae86-ff29-5510-8931-7674d8706d5e
[2026-03-26 09:38:34] Optimizer gate blocked trade a15fae86-ff29-5510-8931-7674d8706d5e strategy=BREAKOUT reason=NEGATIVE_EXPECTANCY
[2026-03-26 09:38:34] Rejected invalid trade 679a8cdc-1450-5389-ac5a-d135259cdf54 reason=INVALID_SIDE
[2026-03-26 09:38:34] Risk blocked trade 24d33627-2d2a-574d-ba91-cfca136b0a25 reason=MAX_TRADES_PER_DAY
[2026-03-26 09:38:34] Risk blocked trade 36dcb743-7bfe-5c48-b5a2-bb458fc4f09c reason=MAX_OPEN_TRADES
[2026-03-26 09:38:34] Rejected invalid trade 9b9cc866-2ed4-593b-948f-3595a1cf2af1 reason=INVALID_SIDE
[2026-03-26 10:11:12] Risk blocked trade a15fae86-ff29-5510-8931-7674d8706d5e reason=MAX_DAILY_LOSS
[2026-03-26 10:11:12] Kill-switch blocked trade a15fae86-ff29-5510-8931-7674d8706d5e
[2026-03-26 10:11:12] Optimizer gate blocked trade a15fae86-ff29-5510-8931-7674d8706d5e strategy=BREAKOUT reason=NEGATIVE_EXPECTANCY
[2026-03-26 10:11:12] Rejected invalid trade 679a8cdc-1450-5389-ac5a-d135259cdf54 reason=INVALID_SIDE
[2026-03-26 10:11:12] Risk blocked trade 24d33627-2d2a-574d-ba91-cfca136b0a25 reason=MAX_TRADES_PER_DAY
[2026-03-26 10:11:12] Risk blocked trade 36dcb743-7bfe-5c48-b5a2-bb458fc4f09c reason=MAX_OPEN_TRADES
[2026-03-26 10:11:12] Rejected invalid trade 9b9cc866-2ed4-593b-948f-3595a1cf2af1 reason=INVALID_SIDE
[2026-03-26 10:12:29] Risk blocked trade a15fae86-ff29-5510-8931-7674d8706d5e reason=MAX_DAILY_LOSS
[2026-03-26 10:12:29] Kill-switch blocked trade a15fae86-ff29-5510-8931-7674d8706d5e
[2026-03-26 10:12:29] Optimizer gate blocked trade a15fae86-ff29-5510-8931-7674d8706d5e strategy=BREAKOUT reason=NEGATIVE_EXPECTANCY
[2026-03-26 10:12:29] Rejected invalid trade 679a8cdc-1450-5389-ac5a-d135259cdf54 reason=INVALID_SIDE
[2026-03-26 10:12:29] Risk blocked trade 24d33627-2d2a-574d-ba91-cfca136b0a25 reason=MAX_TRADES_PER_DAY
[2026-03-26 10:12:29] Risk blocked trade 36dcb743-7bfe-5c48-b5a2-bb458fc4f09c reason=MAX_OPEN_TRADES
[2026-03-26 10:12:29] Rejected invalid trade 9b9cc866-2ed4-593b-948f-3595a1cf2af1 reason=INVALID_SIDE
[2026-03-26 10:12:52] Risk blocked trade a15fae86-ff29-5510-8931-7674d8706d5e reason=MAX_DAILY_LOSS
[2026-03-26 10:12:52] Kill-switch blocked trade a15fae86-ff29-5510-8931-7674d8706d5e
[2026-03-26 10:12:52] Optimizer gate blocked trade a15fae86-ff29-5510-8931-7674d8706d5e strategy=BREAKOUT reason=NEGATIVE_EXPECTANCY
[2026-03-26 10:12:52] Rejected invalid trade 679a8cdc-1450-5389-ac5a-d135259cdf54 reason=INVALID_SIDE
[2026-03-26 10:12:52] Risk blocked trade 24d33627-2d2a-574d-ba91-cfca136b0a25 reason=MAX_TRADES_PER_DAY
[2026-03-26 10:12:52] Risk blocked trade 36dcb743-7bfe-5c48-b5a2-bb458fc4f09c reason=MAX_OPEN_TRADES
[2026-03-26 10:12:53] Rejected invalid trade 9b9cc866-2ed4-593b-948f-3595a1cf2af1 reason=INVALID_SIDE
[2026-03-26 10:54:10] Risk blocked trade a15fae86-ff29-5510-8931-7674d8706d5e reason=MAX_DAILY_LOSS
[2026-03-26 10:54:10] Kill-switch blocked trade a15fae86-ff29-5510-8931-7674d8706d5e
[2026-03-26 10:54:11] Optimizer gate blocked trade a15fae86-ff29-5510-8931-7674d8706d5e strategy=BREAKOUT reason=NEGATIVE_EXPECTANCY
[2026-03-26 10:54:11] Rejected invalid trade 679a8cdc-1450-5389-ac5a-d135259cdf54 reason=INVALID_SIDE
[2026-03-26 10:54:11] Risk blocked trade 24d33627-2d2a-574d-ba91-cfca136b0a25 reason=MAX_TRADES_PER_DAY
[2026-03-26 10:54:11] Risk blocked trade 36dcb743-7bfe-5c48-b5a2-bb458fc4f09c reason=MAX_OPEN_TRADES
[2026-03-26 10:54:11] Rejected invalid trade 9b9cc866-2ed4-593b-948f-3595a1cf2af1 reason=INVALID_SIDE
[2026-03-26 10:56:05] Risk blocked trade a15fae86-ff29-5510-8931-7674d8706d5e reason=MAX_DAILY_LOSS
[2026-03-26 10:56:06] Kill-switch blocked trade a15fae86-ff29-5510-8931-7674d8706d5e
[2026-03-26 10:56:06] Optimizer gate blocked trade a15fae86-ff29-5510-8931-7674d8706d5e strategy=BREAKOUT reason=NEGATIVE_EXPECTANCY
[2026-03-26 10:56:06] Rejected invalid trade 679a8cdc-1450-5389-ac5a-d135259cdf54 reason=INVALID_SIDE
[2026-03-26 10:56:06] Risk blocked trade 24d33627-2d2a-574d-ba91-cfca136b0a25 reason=MAX_TRADES_PER_DAY
[2026-03-26 10:56:06] Risk blocked trade 36dcb743-7bfe-5c48-b5a2-bb458fc4f09c reason=MAX_OPEN_TRADES
[2026-03-26 10:56:06] Rejected invalid trade 9b9cc866-2ed4-593b-948f-3595a1cf2af1 reason=INVALID_SIDE
[2026-03-26 11:00:51] Risk blocked trade a15fae86-ff29-5510-8931-7674d8706d5e reason=MAX_DAILY_LOSS
[2026-03-26 11:00:51] Kill-switch blocked trade a15fae86-ff29-5510-8931-7674d8706d5e
[2026-03-26 11:00:51] Optimizer gate blocked trade a15fae86-ff29-5510-8931-7674d8706d5e strategy=BREAKOUT reason=NEGATIVE_EXPECTANCY
[2026-03-26 11:00:51] Rejected invalid trade 679a8cdc-1450-5389-ac5a-d135259cdf54 reason=INVALID_SIDE
[2026-03-26 11:00:51] Risk blocked trade 24d33627-2d2a-574d-ba91-cfca136b0a25 reason=MAX_TRADES_PER_DAY
[2026-03-26 11:00:51] Risk blocked trade 36dcb743-7bfe-5c48-b5a2-bb458fc4f09c reason=MAX_OPEN_TRADES
[2026-03-26 11:00:51] Rejected invalid trade 9b9cc866-2ed4-593b-948f-3595a1cf2af1 reason=INVALID_SIDE
[2026-03-26 14:15:38] Kill-switch blocked trade a15fae86-ff29-5510-8931-7674d8706d5e
[2026-03-26 14:15:41] Optimizer gate blocked trade a15fae86-ff29-5510-8931-7674d8706d5e strategy=BREAKOUT reason=NEGATIVE_EXPECTANCY
[2026-03-26 14:15:45] Rejected invalid trade 679a8cdc-1450-5389-ac5a-d135259cdf54 reason=INVALID_SIDE
[2026-03-26 14:15:46] Risk blocked trade 24d33627-2d2a-574d-ba91-cfca136b0a25 reason=MAX_TRADES_PER_DAY
[2026-03-26 14:15:48] Risk blocked trade 36dcb743-7bfe-5c48-b5a2-bb458fc4f09c reason=MAX_OPEN_TRADES
[2026-03-26 14:15:52] Rejected invalid trade 9b9cc866-2ed4-593b-948f-3595a1cf2af1 reason=INVALID_SIDE
[2026-03-26 14:17:45] Risk blocked trade a15fae86-ff29-5510-8931-7674d8706d5e reason=MAX_DAILY_LOSS
[2026-03-26 14:17:47] Kill-switch blocked trade a15fae86-ff29-5510-8931-7674d8706d5e
[2026-03-26 14:17:48] Optimizer gate blocked trade a15fae86-ff29-5510-8931-7674d8706d5e strategy=BREAKOUT reason=NEGATIVE_EXPECTANCY
[2026-03-26 14:17:50] Rejected invalid trade 679a8cdc-1450-5389-ac5a-d135259cdf54 reason=INVALID_SIDE
[2026-03-26 14:17:52] Risk blocked trade 24d33627-2d2a-574d-ba91-cfca136b0a25 reason=MAX_TRADES_PER_DAY
[2026-03-26 14:17:53] Risk blocked trade 36dcb743-7bfe-5c48-b5a2-bb458fc4f09c reason=MAX_OPEN_TRADES
[2026-03-26 14:17:57] Rejected invalid trade 9b9cc866-2ed4-593b-948f-3595a1cf2af1 reason=INVALID_SIDE
[2026-03-26 14:38:10] Risk blocked trade a15fae86-ff29-5510-8931-7674d8706d5e reason=MAX_DAILY_LOSS
[2026-03-26 14:38:11] Kill-switch blocked trade a15fae86-ff29-5510-8931-7674d8706d5e
[2026-03-26 14:38:12] Optimizer gate blocked trade a15fae86-ff29-5510-8931-7674d8706d5e strategy=BREAKOUT reason=NEGATIVE_EXPECTANCY
[2026-03-26 14:38:13] Rejected invalid trade 679a8cdc-1450-5389-ac5a-d135259cdf54 reason=INVALID_SIDE
[2026-03-26 14:38:14] Risk blocked trade 24d33627-2d2a-574d-ba91-cfca136b0a25 reason=MAX_TRADES_PER_DAY
[2026-03-26 14:38:16] Risk blocked trade 36dcb743-7bfe-5c48-b5a2-bb458fc4f09c reason=MAX_OPEN_TRADES
[2026-03-26 14:38:19] Rejected invalid trade 9b9cc866-2ed4-593b-948f-3595a1cf2af1 reason=INVALID_SIDE
[2026-03-26 16:05:34] Risk blocked trade a15fae86-ff29-5510-8931-7674d8706d5e reason=MAX_DAILY_LOSS
[2026-03-26 16:05:35] Kill-switch blocked trade a15fae86-ff29-5510-8931-7674d8706d5e
[2026-03-26 16:05:36] Optimizer gate blocked trade a15fae86-ff29-5510-8931-7674d8706d5e strategy=BREAKOUT reason=NEGATIVE_EXPECTANCY
[2026-03-26 16:05:37] Rejected invalid trade 679a8cdc-1450-5389-ac5a-d135259cdf54 reason=INVALID_SIDE
[2026-03-26 16:05:38] Risk blocked trade 24d33627-2d2a-574d-ba91-cfca136b0a25 reason=MAX_TRADES_PER_DAY
[2026-03-26 16:05:39] Risk blocked trade 36dcb743-7bfe-5c48-b5a2-bb458fc4f09c reason=MAX_OPEN_TRADES
[2026-03-26 16:05:42] Rejected invalid trade 9b9cc866-2ed4-593b-948f-3595a1cf2af1 reason=INVALID_SIDE
[2026-03-26 16:06:03] Risk blocked trade a15fae86-ff29-5510-8931-7674d8706d5e reason=MAX_DAILY_LOSS
[2026-03-26 16:06:04] Kill-switch blocked trade a15fae86-ff29-5510-8931-7674d8706d5e
[2026-03-26 16:06:04] Optimizer gate blocked trade a15fae86-ff29-5510-8931-7674d8706d5e strategy=BREAKOUT reason=NEGATIVE_EXPECTANCY
[2026-03-26 16:06:06] Rejected invalid trade 679a8cdc-1450-5389-ac5a-d135259cdf54 reason=INVALID_SIDE
[2026-03-26 16:06:07] Risk blocked trade 24d33627-2d2a-574d-ba91-cfca136b0a25 reason=MAX_TRADES_PER_DAY
[2026-03-26 16:06:08] Risk blocked trade 36dcb743-7bfe-5c48-b5a2-bb458fc4f09c reason=MAX_OPEN_TRADES
[2026-03-26 16:06:12] Rejected invalid trade 9b9cc866-2ed4-593b-948f-3595a1cf2af1 reason=INVALID_SIDE
[2026-03-26 19:08:47] Risk blocked trade a15fae86-ff29-5510-8931-7674d8706d5e reason=MAX_DAILY_LOSS
[2026-03-26 19:08:52] Kill-switch blocked trade a15fae86-ff29-5510-8931-7674d8706d5e
[2026-03-26 19:08:54] Optimizer gate blocked trade a15fae86-ff29-5510-8931-7674d8706d5e strategy=BREAKOUT reason=NEGATIVE_EXPECTANCY
[2026-03-26 19:09:00] Rejected invalid trade 679a8cdc-1450-5389-ac5a-d135259cdf54 reason=INVALID_SIDE
[2026-03-26 19:09:03] Risk blocked trade 24d33627-2d2a-574d-ba91-cfca136b0a25 reason=MAX_TRADES_PER_DAY
[2026-03-26 19:09:05] Risk blocked trade 36dcb743-7bfe-5c48-b5a2-bb458fc4f09c reason=MAX_OPEN_TRADES
[2026-03-26 19:09:16] Rejected invalid trade 9b9cc866-2ed4-593b-948f-3595a1cf2af1 reason=INVALID_SIDE
[2026-03-26 19:20:24] Risk blocked trade a15fae86-ff29-5510-8931-7674d8706d5e reason=MAX_DAILY_LOSS
[2026-03-26 19:20:29] Kill-switch blocked trade a15fae86-ff29-5510-8931-7674d8706d5e
[2026-03-26 19:20:33] Optimizer gate blocked trade a15fae86-ff29-5510-8931-7674d8706d5e strategy=BREAKOUT reason=NEGATIVE_EXPECTANCY
[2026-03-26 19:21:25] Risk blocked trade a15fae86-ff29-5510-8931-7674d8706d5e reason=MAX_DAILY_LOSS
[2026-03-26 19:21:32] Kill-switch blocked trade a15fae86-ff29-5510-8931-7674d8706d5e
[2026-03-26 19:21:36] Optimizer gate blocked trade a15fae86-ff29-5510-8931-7674d8706d5e strategy=BREAKOUT reason=NEGATIVE_EXPECTANCY
[2026-03-26 19:21:46] Rejected invalid trade 679a8cdc-1450-5389-ac5a-d135259cdf54 reason=INVALID_SIDE
[2026-03-26 19:21:49] Risk blocked trade 24d33627-2d2a-574d-ba91-cfca136b0a25 reason=MAX_TRADES_PER_DAY
[2026-03-26 19:21:56] Risk blocked trade 36dcb743-7bfe-5c48-b5a2-bb458fc4f09c reason=MAX_OPEN_TRADES
[2026-03-26 19:22:19] Rejected invalid trade 9b9cc866-2ed4-593b-948f-3595a1cf2af1 reason=INVALID_SIDE
[2026-03-27 07:18:54] Risk blocked trade a15fae86-ff29-5510-8931-7674d8706d5e reason=MAX_TRADES_PER_DAY
[2026-03-27 07:18:54] Kill-switch blocked trade a15fae86-ff29-5510-8931-7674d8706d5e
[2026-03-27 07:18:55] Optimizer gate blocked trade a15fae86-ff29-5510-8931-7674d8706d5e strategy=BREAKOUT reason=NEGATIVE_EXPECTANCY
[2026-03-27 07:18:57] Rejected invalid trade 679a8cdc-1450-5389-ac5a-d135259cdf54 reason=INVALID_SIDE
[2026-03-27 07:18:58] Risk blocked trade 24d33627-2d2a-574d-ba91-cfca136b0a25 reason=MAX_TRADES_PER_DAY
[2026-03-27 07:18:59] Risk blocked trade 36dcb743-7bfe-5c48-b5a2-bb458fc4f09c reason=MAX_TRADES_PER_DAY
[2026-03-27 07:19:02] Rejected invalid trade 9b9cc866-2ed4-593b-948f-3595a1cf2af1 reason=INVALID_SIDE
[2026-03-27 07:19:04] Risk blocked trade 40c10c2a-c2ec-5c20-a926-56b3adaf42e0 reason=MAX_TRADES_PER_DAY
[2026-03-27 07:19:08] Risk blocked trade d5ecf94c-047a-5abf-a016-c96277beeda6 reason=MAX_TRADES_PER_DAY
[2026-03-27 07:43:00] Rejected invalid trade 679a8cdc-1450-5389-ac5a-d135259cdf54 reason=INVALID_SIDE
[2026-03-27 07:43:01] Risk blocked trade d5ecf94c-047a-5abf-a016-c96277beeda6 reason=MAX_TRADES_PER_DAY
[2026-03-27 08:08:34] Rejected invalid trade 679a8cdc-1450-5389-ac5a-d135259cdf54 reason=INVALID_SIDE
[2026-03-27 08:08:35] Kill-switch blocked trade a15fae86-ff29-5510-8931-7674d8706d5e
[2026-03-27 08:10:02] Risk blocked trade a15fae86-ff29-5510-8931-7674d8706d5e reason=MAX_TRADES_PER_DAY
[2026-03-27 08:10:03] Kill-switch blocked trade a15fae86-ff29-5510-8931-7674d8706d5e
[2026-03-27 08:10:04] Optimizer gate blocked trade a15fae86-ff29-5510-8931-7674d8706d5e strategy=BREAKOUT reason=NEGATIVE_EXPECTANCY
[2026-03-27 08:10:06] Rejected invalid trade 679a8cdc-1450-5389-ac5a-d135259cdf54 reason=INVALID_SIDE
[2026-03-27 08:10:07] Risk blocked trade 24d33627-2d2a-574d-ba91-cfca136b0a25 reason=MAX_TRADES_PER_DAY
[2026-03-27 08:10:08] Risk blocked trade 36dcb743-7bfe-5c48-b5a2-bb458fc4f09c reason=MAX_OPEN_TRADES
[2026-03-27 08:10:12] Rejected invalid trade 9b9cc866-2ed4-593b-948f-3595a1cf2af1 reason=INVALID_SIDE
[2026-03-27 08:10:14] Risk blocked trade 40c10c2a-c2ec-5c20-a926-56b3adaf42e0 reason=MAX_TRADES_PER_DAY
[2026-03-27 08:10:18] Risk blocked trade d5ecf94c-047a-5abf-a016-c96277beeda6 reason=MAX_TRADES_PER_DAY
{"broker_status": "RISK_LIMIT", "category": "risk", "event": "trade_blocked", "execution_type": "LIVE", "reason": "MAX_TRADES_PER_DAY", "risk_limit_reason": "max trades/day=1, max daily loss=1000.00", "strategy": "BREAKOUT", "symbol": "NIFTY", "timestamp_utc": "2026-03-27 08:46:43", "trade_id": "a15fae86-ff29-5510-8931-7674d8706d5e"}
{"broker_status": "KILL_SWITCH", "category": "kill_switch", "event": "trade_blocked", "execution_type": "LIVE", "reason": "KILL_SWITCH_ENABLED", "strategy": "BREAKOUT", "symbol": "NIFTY", "timestamp_utc": "2026-03-27 08:46:44", "trade_id": "a15fae86-ff29-5510-8931-7674d8706d5e"}
{"broker_status": "OPTIMIZER_GATE", "category": "optimizer_gate", "event": "trade_blocked", "execution_type": "LIVE", "reason": "OPTIMIZER_GATE_BLOCKED", "risk_limit_reason": "NEGATIVE_EXPECTANCY", "strategy": "BREAKOUT", "symbol": "NIFTY", "timestamp_utc": "2026-03-27 08:46:44", "trade_id": "a15fae86-ff29-5510-8931-7674d8706d5e"}
{"category": "validation", "event": "trade_rejected", "execution_type": "PAPER", "reason": "INVALID_SIDE", "strategy": "INDICATOR", "symbol": "NIFTY", "timestamp_utc": "2026-03-27 08:46:48", "trade_id": "679a8cdc-1450-5389-ac5a-d135259cdf54"}
{"broker_status": "RISK_LIMIT", "category": "risk", "event": "trade_blocked", "execution_type": "PAPER", "reason": "MAX_TRADES_PER_DAY", "risk_limit_reason": "max trades/day=1", "strategy": "BTST", "symbol": "NIFTY", "timestamp_utc": "2026-03-27 08:46:48", "trade_id": "24d33627-2d2a-574d-ba91-cfca136b0a25"}
{"broker_status": "RISK_LIMIT", "category": "risk", "event": "trade_blocked", "execution_type": "PAPER", "reason": "MAX_OPEN_TRADES", "risk_limit_reason": "max open trades=1", "strategy": "DEMAND_SUPPLY", "symbol": "NIFTY", "timestamp_utc": "2026-03-27 08:46:50", "trade_id": "36dcb743-7bfe-5c48-b5a2-bb458fc4f09c"}
{"category": "deduplication", "event": "trade_skipped", "execution_type": "PAPER", "reason": "DUPLICATE_EXECUTED_TRADE", "strategy": "BREAKOUT", "symbol": "NIFTY", "timestamp_utc": "2026-03-27 08:46:51", "trade_id": "a15fae86-ff29-5510-8931-7674d8706d5e"}
{"category": "deduplication", "event": "trade_skipped", "execution_type": "PAPER", "reason": "DUPLICATE_SIGNAL_COOLDOWN", "strategy": "DEMAND_SUPPLY", "symbol": "NIFTY", "timestamp_utc": "2026-03-27 08:46:53", "trade_id": "82dca03f-d65a-50c0-9dd4-b385ec9f084a"}
{"category": "validation", "event": "trade_rejected", "execution_type": "PAPER", "reason": "INVALID_SIDE", "strategy": "BREAKOUT", "symbol": "NIFTY", "timestamp_utc": "2026-03-27 08:46:54", "trade_id": "9b9cc866-2ed4-593b-948f-3595a1cf2af1"}
{"broker_status": "RISK_LIMIT", "category": "risk", "event": "trade_blocked", "execution_type": "PAPER", "reason": "MAX_TRADES_PER_DAY", "risk_limit_reason": "max trades/day=1", "strategy": "DEMAND_SUPPLY", "symbol": "NIFTY", "timestamp_utc": "2026-03-27 08:46:57", "trade_id": "40c10c2a-c2ec-5c20-a926-56b3adaf42e0"}
{"category": "deduplication", "event": "trade_skipped", "execution_type": "PAPER", "reason": "DUPLICATE_BATCH_TRADE", "strategy": "BREAKOUT", "symbol": "NIFTY", "timestamp_utc": "2026-03-27 08:46:58", "trade_id": "a15fae86-ff29-5510-8931-7674d8706d5e"}
{"category": "deduplication", "event": "trade_skipped", "execution_type": "PAPER", "reason": "DUPLICATE_SIGNAL_KEY", "strategy": "DEMAND_SUPPLY", "symbol": "NIFTY", "timestamp_utc": "2026-03-27 08:46:59", "trade_id": "1e5c4522-a154-53ea-a447-04ac49006de4"}
{"category": "cooldown", "event": "trade_skipped", "execution_type": "PAPER", "reason": "DUPLICATE_SIGNAL_COOLDOWN", "strategy": "DEMAND_SUPPLY", "symbol": "NIFTY", "timestamp_utc": "2026-03-27 08:47:00", "trade_id": "87e47f58-99a7-5dd8-9c6e-6760f663ea14"}
{"broker_status": "RISK_LIMIT", "category": "risk", "event": "trade_blocked", "execution_type": "PAPER", "reason": "MAX_TRADES_PER_DAY", "risk_limit_reason": "max trades/day=1", "strategy": "DEMAND_SUPPLY", "symbol": "NIFTY", "timestamp_utc": "2026-03-27 08:47:01", "trade_id": "d5ecf94c-047a-5abf-a016-c96277beeda6"}
{"broker_status": "RISK_LIMIT", "category": "risk", "event": "trade_blocked", "execution_type": "LIVE", "reason": "MAX_TRADES_PER_DAY", "risk_limit_reason": "max trades/day=1, max daily loss=1000.00", "strategy": "BREAKOUT", "symbol": "NIFTY", "timestamp_utc": "2026-03-27 09:02:14", "trade_id": "a15fae86-ff29-5510-8931-7674d8706d5e"}
{"broker_status": "KILL_SWITCH", "category": "kill_switch", "event": "trade_blocked", "execution_type": "LIVE", "reason": "KILL_SWITCH_ENABLED", "strategy": "BREAKOUT", "symbol": "NIFTY", "timestamp_utc": "2026-03-27 09:02:16", "trade_id": "a15fae86-ff29-5510-8931-7674d8706d5e"}
{"broker_status": "OPTIMIZER_GATE", "category": "optimizer_gate", "event": "trade_blocked", "execution_type": "LIVE", "reason": "OPTIMIZER_GATE_BLOCKED", "risk_limit_reason": "NEGATIVE_EXPECTANCY", "strategy": "BREAKOUT", "symbol": "NIFTY", "timestamp_utc": "2026-03-27 09:02:19", "trade_id": "a15fae86-ff29-5510-8931-7674d8706d5e"}
{"category": "validation", "event": "trade_rejected", "execution_type": "PAPER", "reason": "INVALID_SIDE", "strategy": "INDICATOR", "symbol": "NIFTY", "timestamp_utc": "2026-03-27 09:02:23", "trade_id": "679a8cdc-1450-5389-ac5a-d135259cdf54"}
{"broker_status": "RISK_LIMIT", "category": "risk", "event": "trade_blocked", "execution_type": "PAPER", "reason": "MAX_TRADES_PER_DAY", "risk_limit_reason": "max trades/day=1", "strategy": "BTST", "symbol": "NIFTY", "timestamp_utc": "2026-03-27 09:02:25", "trade_id": "24d33627-2d2a-574d-ba91-cfca136b0a25"}
{"broker_status": "RISK_LIMIT", "category": "risk", "event": "trade_blocked", "execution_type": "PAPER", "reason": "MAX_OPEN_TRADES", "risk_limit_reason": "max open trades=1", "strategy": "DEMAND_SUPPLY", "symbol": "NIFTY", "timestamp_utc": "2026-03-27 09:02:27", "trade_id": "36dcb743-7bfe-5c48-b5a2-bb458fc4f09c"}
{"category": "deduplication", "event": "trade_skipped", "execution_type": "PAPER", "reason": "DUPLICATE_EXECUTED_TRADE", "strategy": "BREAKOUT", "symbol": "NIFTY", "timestamp_utc": "2026-03-27 09:02:29", "trade_id": "a15fae86-ff29-5510-8931-7674d8706d5e"}
{"category": "deduplication", "event": "trade_skipped", "execution_type": "PAPER", "reason": "DUPLICATE_SIGNAL_COOLDOWN", "strategy": "DEMAND_SUPPLY", "symbol": "NIFTY", "timestamp_utc": "2026-03-27 09:02:31", "trade_id": "82dca03f-d65a-50c0-9dd4-b385ec9f084a"}
{"category": "validation", "event": "trade_rejected", "execution_type": "PAPER", "reason": "INVALID_SIDE", "strategy": "BREAKOUT", "symbol": "NIFTY", "timestamp_utc": "2026-03-27 09:02:32", "trade_id": "9b9cc866-2ed4-593b-948f-3595a1cf2af1"}
{"broker_status": "RISK_LIMIT", "category": "risk", "event": "trade_blocked", "execution_type": "PAPER", "reason": "MAX_TRADES_PER_DAY", "risk_limit_reason": "max trades/day=1", "strategy": "DEMAND_SUPPLY", "symbol": "NIFTY", "timestamp_utc": "2026-03-27 09:02:34", "trade_id": "40c10c2a-c2ec-5c20-a926-56b3adaf42e0"}
{"category": "deduplication", "event": "trade_skipped", "execution_type": "PAPER", "reason": "DUPLICATE_BATCH_TRADE", "strategy": "BREAKOUT", "symbol": "NIFTY", "timestamp_utc": "2026-03-27 09:02:35", "trade_id": "a15fae86-ff29-5510-8931-7674d8706d5e"}
{"category": "deduplication", "event": "trade_skipped", "execution_type": "PAPER", "reason": "DUPLICATE_SIGNAL_KEY", "strategy": "DEMAND_SUPPLY", "symbol": "NIFTY", "timestamp_utc": "2026-03-27 09:02:36", "trade_id": "1e5c4522-a154-53ea-a447-04ac49006de4"}
{"category": "cooldown", "event": "trade_skipped", "execution_type": "PAPER", "reason": "DUPLICATE_SIGNAL_COOLDOWN", "strategy": "DEMAND_SUPPLY", "symbol": "NIFTY", "timestamp_utc": "2026-03-27 09:02:38", "trade_id": "87e47f58-99a7-5dd8-9c6e-6760f663ea14"}
{"broker_status": "RISK_LIMIT", "category": "risk", "event": "trade_blocked", "execution_type": "PAPER", "reason": "MAX_TRADES_PER_DAY", "risk_limit_reason": "max trades/day=1", "strategy": "DEMAND_SUPPLY", "symbol": "NIFTY", "timestamp_utc": "2026-03-27 09:02:39", "trade_id": "d5ecf94c-047a-5abf-a016-c96277beeda6"}
{"broker_status": "RISK_LIMIT", "category": "risk", "event": "trade_blocked", "execution_type": "LIVE", "reason": "MAX_TRADES_PER_DAY", "risk_limit_reason": "max trades/day=1, max daily loss=1000.00", "strategy": "BREAKOUT", "symbol": "NIFTY", "timestamp_utc": "2026-03-27 09:41:41", "trade_id": "a15fae86-ff29-5510-8931-7674d8706d5e"}
{"broker_status": "KILL_SWITCH", "category": "kill_switch", "event": "trade_blocked", "execution_type": "LIVE", "reason": "KILL_SWITCH_ENABLED", "strategy": "BREAKOUT", "symbol": "NIFTY", "timestamp_utc": "2026-03-27 09:41:44", "trade_id": "a15fae86-ff29-5510-8931-7674d8706d5e"}
{"broker_status": "OPTIMIZER_GATE", "category": "optimizer_gate", "event": "trade_blocked", "execution_type": "LIVE", "reason": "OPTIMIZER_GATE_BLOCKED", "risk_limit_reason": "NEGATIVE_EXPECTANCY", "strategy": "BREAKOUT", "symbol": "NIFTY", "timestamp_utc": "2026-03-27 09:41:46", "trade_id": "a15fae86-ff29-5510-8931-7674d8706d5e"}
{"category": "validation", "event": "trade_rejected", "execution_type": "PAPER", "reason": "INVALID_SIDE", "strategy": "INDICATOR", "symbol": "NIFTY", "timestamp_utc": "2026-03-27 09:41:56", "trade_id": "679a8cdc-1450-5389-ac5a-d135259cdf54"}
{"broker_status": "RISK_LIMIT", "category": "risk", "event": "trade_blocked", "execution_type": "PAPER", "reason": "MAX_TRADES_PER_DAY", "risk_limit_reason": "max trades/day=1", "strategy": "BTST", "symbol": "NIFTY", "timestamp_utc": "2026-03-27 09:41:59", "trade_id": "24d33627-2d2a-574d-ba91-cfca136b0a25"}
{"broker_status": "RISK_LIMIT", "category": "risk", "event": "trade_blocked", "execution_type": "PAPER", "reason": "MAX_OPEN_TRADES", "risk_limit_reason": "max open trades=1", "strategy": "DEMAND_SUPPLY", "symbol": "NIFTY", "timestamp_utc": "2026-03-27 09:42:03", "trade_id": "36dcb743-7bfe-5c48-b5a2-bb458fc4f09c"}
{"category": "deduplication", "event": "trade_skipped", "execution_type": "PAPER", "reason": "DUPLICATE_EXECUTED_TRADE", "strategy": "BREAKOUT", "symbol": "NIFTY", "timestamp_utc": "2026-03-27 09:42:07", "trade_id": "a15fae86-ff29-5510-8931-7674d8706d5e"}
{"category": "deduplication", "event": "trade_skipped", "execution_type": "PAPER", "reason": "DUPLICATE_SIGNAL_COOLDOWN", "strategy": "DEMAND_SUPPLY", "symbol": "NIFTY", "timestamp_utc": "2026-03-27 09:42:11", "trade_id": "82dca03f-d65a-50c0-9dd4-b385ec9f084a"}
{"category": "validation", "event": "trade_rejected", "execution_type": "PAPER", "reason": "INVALID_SIDE", "strategy": "BREAKOUT", "symbol": "NIFTY", "timestamp_utc": "2026-03-27 09:42:14", "trade_id": "9b9cc866-2ed4-593b-948f-3595a1cf2af1"}
{"broker_status": "RISK_LIMIT", "category": "risk", "event": "trade_blocked", "execution_type": "PAPER", "reason": "MAX_TRADES_PER_DAY", "risk_limit_reason": "max trades/day=1", "strategy": "DEMAND_SUPPLY", "symbol": "NIFTY", "timestamp_utc": "2026-03-27 09:42:19", "trade_id": "40c10c2a-c2ec-5c20-a926-56b3adaf42e0"}
{"category": "deduplication", "event": "trade_skipped", "execution_type": "PAPER", "reason": "DUPLICATE_BATCH_TRADE", "strategy": "BREAKOUT", "symbol": "NIFTY", "timestamp_utc": "2026-03-27 09:42:23", "trade_id": "a15fae86-ff29-5510-8931-7674d8706d5e"}
{"category": "deduplication", "event": "trade_skipped", "execution_type": "PAPER", "reason": "DUPLICATE_SIGNAL_KEY", "strategy": "DEMAND_SUPPLY", "symbol": "NIFTY", "timestamp_utc": "2026-03-27 09:42:28", "trade_id": "1e5c4522-a154-53ea-a447-04ac49006de4"}
{"category": "cooldown", "event": "trade_skipped", "execution_type": "PAPER", "reason": "DUPLICATE_SIGNAL_COOLDOWN", "strategy": "DEMAND_SUPPLY", "symbol": "NIFTY", "timestamp_utc": "2026-03-27 09:42:31", "trade_id": "87e47f58-99a7-5dd8-9c6e-6760f663ea14"}
{"broker_status": "RISK_LIMIT", "category": "risk", "event": "trade_blocked", "execution_type": "PAPER", "reason": "MAX_TRADES_PER_DAY", "risk_limit_reason": "max trades/day=1", "strategy": "DEMAND_SUPPLY", "symbol": "NIFTY", "timestamp_utc": "2026-03-27 09:42:33", "trade_id": "d5ecf94c-047a-5abf-a016-c96277beeda6"}
{"broker_status": "RISK_LIMIT", "category": "risk", "event": "trade_blocked", "execution_type": "LIVE", "reason": "MAX_TRADES_PER_DAY", "risk_limit_reason": "max trades/day=1, max daily loss=1000.00", "strategy": "BREAKOUT", "symbol": "NIFTY", "timestamp_utc": "2026-03-27 09:50:33", "trade_id": "a15fae86-ff29-5510-8931-7674d8706d5e"}
{"broker_status": "KILL_SWITCH", "category": "kill_switch", "event": "trade_blocked", "execution_type": "LIVE", "reason": "KILL_SWITCH_ENABLED", "strategy": "BREAKOUT", "symbol": "NIFTY", "timestamp_utc": "2026-03-27 09:50:35", "trade_id": "a15fae86-ff29-5510-8931-7674d8706d5e"}
{"broker_status": "OPTIMIZER_GATE", "category": "optimizer_gate", "event": "trade_blocked", "execution_type": "LIVE", "reason": "OPTIMIZER_GATE_BLOCKED", "risk_limit_reason": "NEGATIVE_EXPECTANCY", "strategy": "BREAKOUT", "symbol": "NIFTY", "timestamp_utc": "2026-03-27 09:50:36", "trade_id": "a15fae86-ff29-5510-8931-7674d8706d5e"}
{"category": "validation", "event": "trade_rejected", "execution_type": "PAPER", "reason": "INVALID_SIDE", "strategy": "INDICATOR", "symbol": "NIFTY", "timestamp_utc": "2026-03-27 09:50:50", "trade_id": "679a8cdc-1450-5389-ac5a-d135259cdf54"}
{"broker_status": "RISK_LIMIT", "category": "risk", "event": "trade_blocked", "execution_type": "PAPER", "reason": "MAX_TRADES_PER_DAY", "risk_limit_reason": "max trades/day=1", "strategy": "BTST", "symbol": "NIFTY", "timestamp_utc": "2026-03-27 09:50:52", "trade_id": "24d33627-2d2a-574d-ba91-cfca136b0a25"}
{"broker_status": "RISK_LIMIT", "category": "risk", "event": "trade_blocked", "execution_type": "PAPER", "reason": "MAX_OPEN_TRADES", "risk_limit_reason": "max open trades=1", "strategy": "DEMAND_SUPPLY", "symbol": "NIFTY", "timestamp_utc": "2026-03-27 09:50:54", "trade_id": "36dcb743-7bfe-5c48-b5a2-bb458fc4f09c"}
{"category": "deduplication", "event": "trade_skipped", "execution_type": "PAPER", "reason": "DUPLICATE_EXECUTED_TRADE", "strategy": "BREAKOUT", "symbol": "NIFTY", "timestamp_utc": "2026-03-27 09:50:57", "trade_id": "a15fae86-ff29-5510-8931-7674d8706d5e"}
{"category": "deduplication", "event": "trade_skipped", "execution_type": "PAPER", "reason": "DUPLICATE_SIGNAL_COOLDOWN", "strategy": "DEMAND_SUPPLY", "symbol": "NIFTY", "timestamp_utc": "2026-03-27 09:50:59", "trade_id": "82dca03f-d65a-50c0-9dd4-b385ec9f084a"}
{"category": "validation", "event": "trade_rejected", "execution_type": "PAPER", "reason": "INVALID_SIDE", "strategy": "BREAKOUT", "symbol": "NIFTY", "timestamp_utc": "2026-03-27 09:51:01", "trade_id": "9b9cc866-2ed4-593b-948f-3595a1cf2af1"}
{"broker_status": "RISK_LIMIT", "category": "risk", "event": "trade_blocked", "execution_type": "PAPER", "reason": "MAX_TRADES_PER_DAY", "risk_limit_reason": "max trades/day=1", "strategy": "DEMAND_SUPPLY", "symbol": "NIFTY", "timestamp_utc": "2026-03-27 09:51:03", "trade_id": "40c10c2a-c2ec-5c20-a926-56b3adaf42e0"}
{"category": "deduplication", "event": "trade_skipped", "execution_type": "PAPER", "reason": "DUPLICATE_BATCH_TRADE", "strategy": "BREAKOUT", "symbol": "NIFTY", "timestamp_utc": "2026-03-27 09:51:04", "trade_id": "a15fae86-ff29-5510-8931-7674d8706d5e"}
{"category": "deduplication", "event": "trade_skipped", "execution_type": "PAPER", "reason": "DUPLICATE_SIGNAL_KEY", "strategy": "DEMAND_SUPPLY", "symbol": "NIFTY", "timestamp_utc": "2026-03-27 09:51:06", "trade_id": "1e5c4522-a154-53ea-a447-04ac49006de4"}
{"category": "cooldown", "event": "trade_skipped", "execution_type": "PAPER", "reason": "DUPLICATE_SIGNAL_COOLDOWN", "strategy": "DEMAND_SUPPLY", "symbol": "NIFTY", "timestamp_utc": "2026-03-27 09:51:08", "trade_id": "87e47f58-99a7-5dd8-9c6e-6760f663ea14"}
{"broker_status": "RISK_LIMIT", "category": "risk", "event": "trade_blocked", "execution_type": "PAPER", "reason": "MAX_TRADES_PER_DAY", "risk_limit_reason": "max trades/day=1", "strategy": "DEMAND_SUPPLY", "symbol": "NIFTY", "timestamp_utc": "2026-03-27 09:51:09", "trade_id": "d5ecf94c-047a-5abf-a016-c96277beeda6"}
{"broker_status": "RISK_LIMIT", "category": "risk", "event": "trade_blocked", "execution_type": "LIVE", "reason": "MAX_TRADES_PER_DAY", "risk_limit_reason": "max trades/day=1, max daily loss=1000.00", "strategy": "BREAKOUT", "symbol": "NIFTY", "timestamp_utc": "2026-03-27 09:56:55", "trade_id": "a15fae86-ff29-5510-8931-7674d8706d5e"}
{"broker_status": "KILL_SWITCH", "category": "kill_switch", "event": "trade_blocked", "execution_type": "LIVE", "reason": "KILL_SWITCH_ENABLED", "strategy": "BREAKOUT", "symbol": "NIFTY", "timestamp_utc": "2026-03-27 09:56:56", "trade_id": "a15fae86-ff29-5510-8931-7674d8706d5e"}
{"broker_status": "OPTIMIZER_GATE", "category": "optimizer_gate", "event": "trade_blocked", "execution_type": "LIVE", "reason": "OPTIMIZER_GATE_BLOCKED", "risk_limit_reason": "NEGATIVE_EXPECTANCY", "strategy": "BREAKOUT", "symbol": "NIFTY", "timestamp_utc": "2026-03-27 09:56:56", "trade_id": "a15fae86-ff29-5510-8931-7674d8706d5e"}
{"category": "validation", "event": "trade_rejected", "execution_type": "PAPER", "reason": "INVALID_SIDE", "strategy": "INDICATOR", "symbol": "NIFTY", "timestamp_utc": "2026-03-27 09:56:59", "trade_id": "679a8cdc-1450-5389-ac5a-d135259cdf54"}
{"broker_status": "RISK_LIMIT", "category": "risk", "event": "trade_blocked", "execution_type": "PAPER", "reason": "MAX_TRADES_PER_DAY", "risk_limit_reason": "max trades/day=1", "strategy": "BTST", "symbol": "NIFTY", "timestamp_utc": "2026-03-27 09:57:00", "trade_id": "24d33627-2d2a-574d-ba91-cfca136b0a25"}
{"broker_status": "RISK_LIMIT", "category": "risk", "event": "trade_blocked", "execution_type": "PAPER", "reason": "MAX_OPEN_TRADES", "risk_limit_reason": "max open trades=1", "strategy": "DEMAND_SUPPLY", "symbol": "NIFTY", "timestamp_utc": "2026-03-27 09:57:01", "trade_id": "36dcb743-7bfe-5c48-b5a2-bb458fc4f09c"}
{"category": "deduplication", "event": "trade_skipped", "execution_type": "PAPER", "reason": "DUPLICATE_EXECUTED_TRADE", "strategy": "BREAKOUT", "symbol": "NIFTY", "timestamp_utc": "2026-03-27 09:57:03", "trade_id": "a15fae86-ff29-5510-8931-7674d8706d5e"}
{"category": "deduplication", "event": "trade_skipped", "execution_type": "PAPER", "reason": "DUPLICATE_SIGNAL_COOLDOWN", "strategy": "DEMAND_SUPPLY", "symbol": "NIFTY", "timestamp_utc": "2026-03-27 09:57:05", "trade_id": "82dca03f-d65a-50c0-9dd4-b385ec9f084a"}
{"category": "validation", "event": "trade_rejected", "execution_type": "PAPER", "reason": "INVALID_SIDE", "strategy": "BREAKOUT", "symbol": "NIFTY", "timestamp_utc": "2026-03-27 09:57:05", "trade_id": "9b9cc866-2ed4-593b-948f-3595a1cf2af1"}
{"broker_status": "RISK_LIMIT", "category": "risk", "event": "trade_blocked", "execution_type": "PAPER", "reason": "MAX_TRADES_PER_DAY", "risk_limit_reason": "max trades/day=1", "strategy": "DEMAND_SUPPLY", "symbol": "NIFTY", "timestamp_utc": "2026-03-27 09:57:07", "trade_id": "40c10c2a-c2ec-5c20-a926-56b3adaf42e0"}
{"category": "deduplication", "event": "trade_skipped", "execution_type": "PAPER", "reason": "DUPLICATE_BATCH_TRADE", "strategy": "BREAKOUT", "symbol": "NIFTY", "timestamp_utc": "2026-03-27 09:57:08", "trade_id": "a15fae86-ff29-5510-8931-7674d8706d5e"}
{"category": "deduplication", "event": "trade_skipped", "execution_type": "PAPER", "reason": "DUPLICATE_SIGNAL_KEY", "strategy": "DEMAND_SUPPLY", "symbol": "NIFTY", "timestamp_utc": "2026-03-27 09:57:09", "trade_id": "1e5c4522-a154-53ea-a447-04ac49006de4"}
{"category": "cooldown", "event": "trade_skipped", "execution_type": "PAPER", "reason": "DUPLICATE_SIGNAL_COOLDOWN", "strategy": "DEMAND_SUPPLY", "symbol": "NIFTY", "timestamp_utc": "2026-03-27 09:57:10", "trade_id": "87e47f58-99a7-5dd8-9c6e-6760f663ea14"}
{"broker_status": "RISK_LIMIT", "category": "risk", "event": "trade_blocked", "execution_type": "PAPER", "reason": "MAX_TRADES_PER_DAY", "risk_limit_reason": "max trades/day=1", "strategy": "DEMAND_SUPPLY", "symbol": "NIFTY", "timestamp_utc": "2026-03-27 09:57:11", "trade_id": "d5ecf94c-047a-5abf-a016-c96277beeda6"}
{"broker_status": "RISK_LIMIT", "category": "risk", "event": "trade_blocked", "execution_type": "LIVE", "reason": "MAX_TRADES_PER_DAY", "risk_limit_reason": "max trades/day=1, max daily loss=1000.00", "strategy": "BREAKOUT", "symbol": "NIFTY", "timestamp_utc": "2026-03-27 17:18:49", "trade_id": "a15fae86-ff29-5510-8931-7674d8706d5e"}
{"broker_status": "KILL_SWITCH", "category": "kill_switch", "event": "trade_blocked", "execution_type": "LIVE", "reason": "KILL_SWITCH_ENABLED", "strategy": "BREAKOUT", "symbol": "NIFTY", "timestamp_utc": "2026-03-27 17:18:50", "trade_id": "a15fae86-ff29-5510-8931-7674d8706d5e"}
{"broker_status": "OPTIMIZER_GATE", "category": "optimizer_gate", "event": "trade_blocked", "execution_type": "LIVE", "reason": "OPTIMIZER_GATE_BLOCKED", "risk_limit_reason": "NEGATIVE_EXPECTANCY", "strategy": "BREAKOUT", "symbol": "NIFTY", "timestamp_utc": "2026-03-27 17:18:51", "trade_id": "a15fae86-ff29-5510-8931-7674d8706d5e"}
{"category": "validation", "event": "trade_rejected", "execution_type": "PAPER", "reason": "INVALID_SIDE", "strategy": "INDICATOR", "symbol": "NIFTY", "timestamp_utc": "2026-03-27 17:18:54", "trade_id": "679a8cdc-1450-5389-ac5a-d135259cdf54"}
{"broker_status": "RISK_LIMIT", "category": "risk", "event": "trade_blocked", "execution_type": "PAPER", "reason": "MAX_TRADES_PER_DAY", "risk_limit_reason": "max trades/day=1", "strategy": "BTST", "symbol": "NIFTY", "timestamp_utc": "2026-03-27 17:18:55", "trade_id": "24d33627-2d2a-574d-ba91-cfca136b0a25"}
{"broker_status": "RISK_LIMIT", "category": "risk", "event": "trade_blocked", "execution_type": "PAPER", "reason": "MAX_OPEN_TRADES", "risk_limit_reason": "max open trades=1", "strategy": "DEMAND_SUPPLY", "symbol": "NIFTY", "timestamp_utc": "2026-03-27 17:18:56", "trade_id": "36dcb743-7bfe-5c48-b5a2-bb458fc4f09c"}
{"category": "deduplication", "event": "trade_skipped", "execution_type": "PAPER", "reason": "DUPLICATE_EXECUTED_TRADE", "strategy": "BREAKOUT", "symbol": "NIFTY", "timestamp_utc": "2026-03-27 17:18:58", "trade_id": "a15fae86-ff29-5510-8931-7674d8706d5e"}
{"category": "deduplication", "event": "trade_skipped", "execution_type": "PAPER", "reason": "DUPLICATE_SIGNAL_COOLDOWN", "strategy": "DEMAND_SUPPLY", "symbol": "NIFTY", "timestamp_utc": "2026-03-27 17:19:00", "trade_id": "82dca03f-d65a-50c0-9dd4-b385ec9f084a"}
{"category": "validation", "event": "trade_rejected", "execution_type": "PAPER", "reason": "INVALID_SIDE", "strategy": "BREAKOUT", "symbol": "NIFTY", "timestamp_utc": "2026-03-27 17:19:01", "trade_id": "9b9cc866-2ed4-593b-948f-3595a1cf2af1"}
{"broker_status": "RISK_LIMIT", "category": "risk", "event": "trade_blocked", "execution_type": "PAPER", "reason": "MAX_TRADES_PER_DAY", "risk_limit_reason": "max trades/day=1", "strategy": "DEMAND_SUPPLY", "symbol": "NIFTY", "timestamp_utc": "2026-03-27 17:19:02", "trade_id": "40c10c2a-c2ec-5c20-a926-56b3adaf42e0"}
{"category": "deduplication", "event": "trade_skipped", "execution_type": "PAPER", "reason": "DUPLICATE_BATCH_TRADE", "strategy": "BREAKOUT", "symbol": "NIFTY", "timestamp_utc": "2026-03-27 17:19:03", "trade_id": "a15fae86-ff29-5510-8931-7674d8706d5e"}
{"category": "deduplication", "event": "trade_skipped", "execution_type": "PAPER", "reason": "DUPLICATE_SIGNAL_KEY", "strategy": "DEMAND_SUPPLY", "symbol": "NIFTY", "timestamp_utc": "2026-03-27 17:19:04", "trade_id": "1e5c4522-a154-53ea-a447-04ac49006de4"}
{"category": "cooldown", "event": "trade_skipped", "execution_type": "PAPER", "reason": "DUPLICATE_SIGNAL_COOLDOWN", "strategy": "DEMAND_SUPPLY", "symbol": "NIFTY", "timestamp_utc": "2026-03-27 17:19:05", "trade_id": "87e47f58-99a7-5dd8-9c6e-6760f663ea14"}
{"broker_status": "RISK_LIMIT", "category": "risk", "event": "trade_blocked", "execution_type": "PAPER", "reason": "MAX_TRADES_PER_DAY", "risk_limit_reason": "max trades/day=1", "strategy": "DEMAND_SUPPLY", "symbol": "NIFTY", "timestamp_utc": "2026-03-27 17:19:06", "trade_id": "d5ecf94c-047a-5abf-a016-c96277beeda6"}
{"broker_status": "RISK_LIMIT", "category": "risk", "event": "trade_blocked", "execution_type": "LIVE", "reason": "MAX_TRADES_PER_DAY", "risk_limit_reason": "max trades/day=1, max daily loss=1000.00", "strategy": "BREAKOUT", "symbol": "NIFTY", "timestamp_utc": "2026-03-27 17:44:07", "trade_id": "a15fae86-ff29-5510-8931-7674d8706d5e"}
{"broker_status": "KILL_SWITCH", "category": "kill_switch", "event": "trade_blocked", "execution_type": "LIVE", "reason": "KILL_SWITCH_ENABLED", "strategy": "BREAKOUT", "symbol": "NIFTY", "timestamp_utc": "2026-03-27 17:44:08", "trade_id": "a15fae86-ff29-5510-8931-7674d8706d5e"}
{"broker_status": "OPTIMIZER_GATE", "category": "optimizer_gate", "event": "trade_blocked", "execution_type": "LIVE", "reason": "OPTIMIZER_GATE_BLOCKED", "risk_limit_reason": "NEGATIVE_EXPECTANCY", "strategy": "BREAKOUT", "symbol": "NIFTY", "timestamp_utc": "2026-03-27 17:44:08", "trade_id": "a15fae86-ff29-5510-8931-7674d8706d5e"}
{"category": "validation", "event": "trade_rejected", "execution_type": "PAPER", "reason": "INVALID_SIDE", "strategy": "INDICATOR", "symbol": "NIFTY", "timestamp_utc": "2026-03-27 17:44:11", "trade_id": "679a8cdc-1450-5389-ac5a-d135259cdf54"}
{"broker_status": "RISK_LIMIT", "category": "risk", "event": "trade_blocked", "execution_type": "PAPER", "reason": "MAX_TRADES_PER_DAY", "risk_limit_reason": "max trades/day=1", "strategy": "BTST", "symbol": "NIFTY", "timestamp_utc": "2026-03-27 17:44:12", "trade_id": "24d33627-2d2a-574d-ba91-cfca136b0a25"}
{"broker_status": "RISK_LIMIT", "category": "risk", "event": "trade_blocked", "execution_type": "PAPER", "reason": "MAX_OPEN_TRADES", "risk_limit_reason": "max open trades=1", "strategy": "DEMAND_SUPPLY", "symbol": "NIFTY", "timestamp_utc": "2026-03-27 17:44:14", "trade_id": "36dcb743-7bfe-5c48-b5a2-bb458fc4f09c"}
{"category": "deduplication", "event": "trade_skipped", "execution_type": "PAPER", "reason": "DUPLICATE_EXECUTED_TRADE", "strategy": "BREAKOUT", "symbol": "NIFTY", "timestamp_utc": "2026-03-27 17:44:15", "trade_id": "a15fae86-ff29-5510-8931-7674d8706d5e"}
{"category": "deduplication", "event": "trade_skipped", "execution_type": "PAPER", "reason": "DUPLICATE_SIGNAL_COOLDOWN", "strategy": "DEMAND_SUPPLY", "symbol": "NIFTY", "timestamp_utc": "2026-03-27 17:44:17", "trade_id": "82dca03f-d65a-50c0-9dd4-b385ec9f084a"}
{"category": "deduplication", "event": "trade_skipped", "execution_type": "PAPER", "reason": "DUPLICATE_BATCH_TRADE", "strategy": "BREAKOUT", "symbol": "NIFTY", "timestamp_utc": "2026-03-27 17:44:18", "trade_id": "a15fae86-ff29-5510-8931-7674d8706d5e"}
{"category": "validation", "event": "trade_rejected", "execution_type": "PAPER", "reason": "INVALID_SIDE", "strategy": "BREAKOUT", "symbol": "NIFTY", "timestamp_utc": "2026-03-27 17:44:19", "trade_id": "9b9cc866-2ed4-593b-948f-3595a1cf2af1"}
{"broker_status": "RISK_LIMIT", "category": "risk", "event": "trade_blocked", "execution_type": "PAPER", "reason": "MAX_TRADES_PER_DAY", "risk_limit_reason": "max trades/day=1", "strategy": "DEMAND_SUPPLY", "symbol": "NIFTY", "timestamp_utc": "2026-03-27 17:44:20", "trade_id": "40c10c2a-c2ec-5c20-a926-56b3adaf42e0"}
{"category": "deduplication", "event": "trade_skipped", "execution_type": "PAPER", "reason": "DUPLICATE_BATCH_TRADE", "strategy": "BREAKOUT", "symbol": "NIFTY", "timestamp_utc": "2026-03-27 17:44:21", "trade_id": "a15fae86-ff29-5510-8931-7674d8706d5e"}
{"category": "deduplication", "event": "trade_skipped", "execution_type": "PAPER", "reason": "DUPLICATE_SIGNAL_KEY", "strategy": "DEMAND_SUPPLY", "symbol": "NIFTY", "timestamp_utc": "2026-03-27 17:44:22", "trade_id": "1e5c4522-a154-53ea-a447-04ac49006de4"}
{"category": "cooldown", "event": "trade_skipped", "execution_type": "PAPER", "reason": "DUPLICATE_SIGNAL_COOLDOWN", "strategy": "DEMAND_SUPPLY", "symbol": "NIFTY", "timestamp_utc": "2026-03-27 17:44:24", "trade_id": "87e47f58-99a7-5dd8-9c6e-6760f663ea14"}
{"broker_status": "RISK_LIMIT", "category": "risk", "event": "trade_blocked", "execution_type": "PAPER", "reason": "MAX_TRADES_PER_DAY", "risk_limit_reason": "max trades/day=1", "strategy": "DEMAND_SUPPLY", "symbol": "NIFTY", "timestamp_utc": "2026-03-27 17:44:26", "trade_id": "d5ecf94c-047a-5abf-a016-c96277beeda6"}
{"broker_status": "RISK_LIMIT", "category": "risk", "event": "trade_blocked", "execution_type": "LIVE", "reason": "MAX_TRADES_PER_DAY", "risk_limit_reason": "max trades/day=1, max daily loss=1000.00", "strategy": "BREAKOUT", "symbol": "NIFTY", "timestamp_utc": "2026-03-27 17:47:26", "trade_id": "a15fae86-ff29-5510-8931-7674d8706d5e"}
{"broker_status": "KILL_SWITCH", "category": "kill_switch", "event": "trade_blocked", "execution_type": "LIVE", "reason": "KILL_SWITCH_ENABLED", "strategy": "BREAKOUT", "symbol": "NIFTY", "timestamp_utc": "2026-03-27 17:47:26", "trade_id": "a15fae86-ff29-5510-8931-7674d8706d5e"}
{"broker_status": "OPTIMIZER_GATE", "category": "optimizer_gate", "event": "trade_blocked", "execution_type": "LIVE", "reason": "OPTIMIZER_GATE_BLOCKED", "risk_limit_reason": "NEGATIVE_EXPECTANCY", "strategy": "BREAKOUT", "symbol": "NIFTY", "timestamp_utc": "2026-03-27 17:47:27", "trade_id": "a15fae86-ff29-5510-8931-7674d8706d5e"}
{"category": "validation", "event": "trade_rejected", "execution_type": "PAPER", "reason": "INVALID_SIDE", "strategy": "INDICATOR", "symbol": "NIFTY", "timestamp_utc": "2026-03-27 17:47:30", "trade_id": "679a8cdc-1450-5389-ac5a-d135259cdf54"}
{"broker_status": "RISK_LIMIT", "category": "risk", "event": "trade_blocked", "execution_type": "PAPER", "reason": "MAX_TRADES_PER_DAY", "risk_limit_reason": "max trades/day=1", "strategy": "BTST", "symbol": "NIFTY", "timestamp_utc": "2026-03-27 17:47:32", "trade_id": "24d33627-2d2a-574d-ba91-cfca136b0a25"}
{"broker_status": "RISK_LIMIT", "category": "risk", "event": "trade_blocked", "execution_type": "PAPER", "reason": "MAX_OPEN_TRADES", "risk_limit_reason": "max open trades=1", "strategy": "DEMAND_SUPPLY", "symbol": "NIFTY", "timestamp_utc": "2026-03-27 17:47:33", "trade_id": "36dcb743-7bfe-5c48-b5a2-bb458fc4f09c"}
{"category": "deduplication", "event": "trade_skipped", "execution_type": "PAPER", "reason": "DUPLICATE_EXECUTED_TRADE", "strategy": "BREAKOUT", "symbol": "NIFTY", "timestamp_utc": "2026-03-27 17:47:35", "trade_id": "a15fae86-ff29-5510-8931-7674d8706d5e"}
{"category": "deduplication", "event": "trade_skipped", "execution_type": "PAPER", "reason": "DUPLICATE_SIGNAL_COOLDOWN", "strategy": "DEMAND_SUPPLY", "symbol": "NIFTY", "timestamp_utc": "2026-03-27 17:47:36", "trade_id": "82dca03f-d65a-50c0-9dd4-b385ec9f084a"}
{"category": "deduplication", "event": "trade_skipped", "execution_type": "PAPER", "reason": "DUPLICATE_BATCH_TRADE", "strategy": "BREAKOUT", "symbol": "NIFTY", "timestamp_utc": "2026-03-27 17:47:37", "trade_id": "a15fae86-ff29-5510-8931-7674d8706d5e"}
{"category": "validation", "event": "trade_rejected", "execution_type": "PAPER", "reason": "INVALID_SIDE", "strategy": "BREAKOUT", "symbol": "NIFTY", "timestamp_utc": "2026-03-27 17:47:38", "trade_id": "9b9cc866-2ed4-593b-948f-3595a1cf2af1"}
{"broker_status": "RISK_LIMIT", "category": "risk", "event": "trade_blocked", "execution_type": "PAPER", "reason": "MAX_TRADES_PER_DAY", "risk_limit_reason": "max trades/day=1", "strategy": "DEMAND_SUPPLY", "symbol": "NIFTY", "timestamp_utc": "2026-03-27 17:47:40", "trade_id": "40c10c2a-c2ec-5c20-a926-56b3adaf42e0"}
{"category": "deduplication", "event": "trade_skipped", "execution_type": "PAPER", "reason": "DUPLICATE_BATCH_TRADE", "strategy": "BREAKOUT", "symbol": "NIFTY", "timestamp_utc": "2026-03-27 17:47:41", "trade_id": "a15fae86-ff29-5510-8931-7674d8706d5e"}
{"category": "deduplication", "event": "trade_skipped", "execution_type": "PAPER", "reason": "DUPLICATE_SIGNAL_KEY", "strategy": "DEMAND_SUPPLY", "symbol": "NIFTY", "timestamp_utc": "2026-03-27 17:47:42", "trade_id": "1e5c4522-a154-53ea-a447-04ac49006de4"}
{"category": "cooldown", "event": "trade_skipped", "execution_type": "PAPER", "reason": "DUPLICATE_SIGNAL_COOLDOWN", "strategy": "DEMAND_SUPPLY", "symbol": "NIFTY", "timestamp_utc": "2026-03-27 17:47:42", "trade_id": "87e47f58-99a7-5dd8-9c6e-6760f663ea14"}
{"broker_status": "RISK_LIMIT", "category": "risk", "event": "trade_blocked", "execution_type": "PAPER", "reason": "MAX_TRADES_PER_DAY", "risk_limit_reason": "max trades/day=1", "strategy": "DEMAND_SUPPLY", "symbol": "NIFTY", "timestamp_utc": "2026-03-27 17:47:43", "trade_id": "d5ecf94c-047a-5abf-a016-c96277beeda6"}
